{"name":"Success login with valid data","status":"failed","statusDetails":{"known":false,"muted":false,"flaky":false,"message":"Element not found {By.id: userName}\nExpected: editable\nScreenshot: file:/Users/anton/IdeaProjects/BookstoreUI-Cucumber/build/reports/tests/1702553050593.0.png\nPage source: file:/Users/anton/IdeaProjects/BookstoreUI-Cucumber/build/reports/tests/1702553050593.0.html\nTimeout: 4 s.\nCaused by: NoSuchElementException: no such element: Unable to locate element: {\"method\":\"css selector\",\"selector\":\"#userName\"}","trace":"Element not found {By.id: userName}\nExpected: editable\nScreenshot: file:/Users/anton/IdeaProjects/BookstoreUI-Cucumber/build/reports/tests/1702553050593.0.png\nPage source: file:/Users/anton/IdeaProjects/BookstoreUI-Cucumber/build/reports/tests/1702553050593.0.html\nTimeout: 4 s.\nCaused by: NoSuchElementException: no such element: Unable to locate element: {\"method\":\"css selector\",\"selector\":\"#userName\"}\n\tat com.codeborne.selenide.impl.WebElementSource.createElementNotFoundError(WebElementSource.java:91)\n\tat com.codeborne.selenide.impl.ElementFinder.createElementNotFoundError(ElementFinder.java:142)\n\tat com.codeborne.selenide.impl.WebElementSource.handleError(WebElementSource.java:143)\n\tat com.codeborne.selenide.impl.WebElementSource.checkConditionAndReturnElement(WebElementSource.java:127)\n\tat com.codeborne.selenide.impl.WebElementSource.findAndAssertElementIsEditable(WebElementSource.java:184)\n\tat com.codeborne.selenide.commands.SetValue.setValueForTextInput(SetValue.java:58)\n\tat com.codeborne.selenide.commands.SetValue.execute(SetValue.java:43)\n\tat com.codeborne.selenide.commands.SetValue.execute(SetValue.java:25)\n\tat com.codeborne.selenide.commands.Commands.execute(Commands.java:163)\n\tat com.codeborne.selenide.impl.SelenideElementProxy.dispatchAndRetry(SelenideElementProxy.java:132)\n\tat com.codeborne.selenide.impl.SelenideElementProxy.invoke(SelenideElementProxy.java:84)\n\tat com.sun.proxy.$Proxy22.setValue(Unknown Source)\n\tat steps.LoginSteps.iInputToUsernameField(LoginSteps.java:25)\n\tat âœ½.When I input \"cucumber1\" to username field(LoginTest.feature:10)\nCaused by: org.openqa.selenium.NoSuchElementException: no such element: Unable to locate element: {\"method\":\"css selector\",\"selector\":\"#userName\"}\n  (Session info: chrome=120.0.6099.71)\nFor documentation on this error, please visit: https://www.selenium.dev/documentation/webdriver/troubleshooting/errors#no-such-element-exception\nBuild info: version: '4.11.0', revision: '040bc5406b'\nSystem info: os.name: 'Mac OS X', os.arch: 'x86_64', os.version: '13.4', java.version: '11.0.20'\nDriver info: org.openqa.selenium.chrome.ChromeDriver\nCommand: [7240b7f2e7348df07d3ea5b41854c859, findElement {using=id, value=userName}]\nCapabilities {acceptInsecureCerts: true, browserName: chrome, browserVersion: 120.0.6099.71, chrome: {chromedriverVersion: 120.0.6099.71 (9729082fe617..., userDataDir: /var/folders/np/cbsnhzd12hb...}, fedcm:accounts: true, goog:chromeOptions: {debuggerAddress: localhost:54714}, networkConnectionEnabled: false, pageLoadStrategy: normal, platformName: mac, proxy: Proxy(), se:cdp: ws://localhost:54714/devtoo..., se:cdpVersion: 120.0.6099.71, setWindowRect: true, strictFileInteractability: false, timeouts: {implicit: 0, pageLoad: 300000, script: 30000}, unhandledPromptBehavior: accept, webauthn:extension:credBlob: true, webauthn:extension:largeBlob: true, webauthn:extension:minPinLength: true, webauthn:extension:prf: true, webauthn:virtualAuthenticators: true}\nSession ID: 7240b7f2e7348df07d3ea5b41854c859\n\tat jdk.internal.reflect.GeneratedConstructorAccessor8.newInstance(Unknown Source)\n\tat java.base/jdk.internal.reflect.DelegatingConstructorAccessorImpl.newInstance(DelegatingConstructorAccessorImpl.java:45)\n\tat java.base/java.lang.reflect.Constructor.newInstance(Constructor.java:490)\n\tat org.openqa.selenium.remote.codec.w3c.W3CHttpResponseCodec.createException(W3CHttpResponseCodec.java:200)\n\tat org.openqa.selenium.remote.codec.w3c.W3CHttpResponseCodec.decode(W3CHttpResponseCodec.java:133)\n\tat org.openqa.selenium.remote.codec.w3c.W3CHttpResponseCodec.decode(W3CHttpResponseCodec.java:52)\n\tat org.openqa.selenium.remote.HttpCommandExecutor.execute(HttpCommandExecutor.java:191)\n\tat org.openqa.selenium.remote.service.DriverCommandExecutor.invokeExecute(DriverCommandExecutor.java:196)\n\tat org.openqa.selenium.remote.service.DriverCommandExecutor.execute(DriverCommandExecutor.java:171)\n\tat org.openqa.selenium.remote.RemoteWebDriver.execute(RemoteWebDriver.java:518)\n\tat org.openqa.selenium.remote.ElementLocation$ElementFinder$2.findElement(ElementLocation.java:165)\n\tat org.openqa.selenium.remote.ElementLocation.findElement(ElementLocation.java:59)\n\tat org.openqa.selenium.remote.RemoteWebDriver.findElement(RemoteWebDriver.java:355)\n\tat org.openqa.selenium.remote.RemoteWebDriver.findElement(RemoteWebDriver.java:349)\n\tat com.codeborne.selenide.impl.WebElementSelector.findElement(WebElementSelector.java:70)\n\tat com.codeborne.selenide.impl.WebElementSelector.findElement(WebElementSelector.java:44)\n\tat com.codeborne.selenide.impl.WebElementSelector.findElement(WebElementSelector.java:33)\n\tat com.codeborne.selenide.impl.ElementFinder.getWebElement(ElementFinder.java:122)\n\tat com.codeborne.selenide.impl.WebElementSource.checkConditionAndReturnElement(WebElementSource.java:116)\n\tat com.codeborne.selenide.impl.WebElementSource.findAndAssertElementIsEditable(WebElementSource.java:184)\n\tat com.codeborne.selenide.commands.SetValue.setValueForTextInput(SetValue.java:58)\n\tat com.codeborne.selenide.commands.SetValue.execute(SetValue.java:43)\n\tat com.codeborne.selenide.commands.SetValue.execute(SetValue.java:25)\n\tat com.codeborne.selenide.commands.Commands.execute(Commands.java:163)\n\tat com.codeborne.selenide.impl.SelenideElementProxy.dispatchAndRetry(SelenideElementProxy.java:132)\n\tat com.codeborne.selenide.impl.SelenideElementProxy.invoke(SelenideElementProxy.java:84)\n\tat com.sun.proxy.$Proxy22.setValue(Unknown Source)\n\tat steps.LoginSteps.iInputToUsernameField(LoginSteps.java:25)\n\tat java.base/jdk.internal.reflect.NativeMethodAccessorImpl.invoke0(Native Method)\n\tat java.base/jdk.internal.reflect.NativeMethodAccessorImpl.invoke(NativeMethodAccessorImpl.java:62)\n\tat java.base/jdk.internal.reflect.DelegatingMethodAccessorImpl.invoke(DelegatingMethodAccessorImpl.java:43)\n\tat java.base/java.lang.reflect.Method.invoke(Method.java:566)\n\tat cucumber.runtime.Utils$1.call(Utils.java:40)\n\tat cucumber.runtime.Timeout.timeout(Timeout.java:16)\n\tat cucumber.runtime.Utils.invoke(Utils.java:34)\n\tat cucumber.runtime.java.JavaStepDefinition.execute(JavaStepDefinition.java:38)\n\tat cucumber.runtime.StepDefinitionMatch.runStep(StepDefinitionMatch.java:37)\n\tat cucumber.runtime.Runtime.runStep(Runtime.java:300)\n\tat cucumber.runtime.model.StepContainer.runStep(StepContainer.java:44)\n\tat cucumber.runtime.model.StepContainer.runSteps(StepContainer.java:39)\n\tat cucumber.runtime.model.CucumberScenario.run(CucumberScenario.java:44)\n\tat cucumber.runtime.junit.ExecutionUnitRunner.run(ExecutionUnitRunner.java:102)\n\tat cucumber.runtime.junit.FeatureRunner.runChild(FeatureRunner.java:63)\n\tat cucumber.runtime.junit.FeatureRunner.runChild(FeatureRunner.java:18)\n\tat org.junit.runners.ParentRunner$3.run(ParentRunner.java:290)\n\tat org.junit.runners.ParentRunner$1.schedule(ParentRunner.java:71)\n\tat org.junit.runners.ParentRunner.runChildren(ParentRunner.java:288)\n\tat org.junit.runners.ParentRunner.access$000(ParentRunner.java:58)\n\tat org.junit.runners.ParentRunner$2.evaluate(ParentRunner.java:268)\n\tat org.junit.runners.ParentRunner.run(ParentRunner.java:363)\n\tat cucumber.runtime.junit.FeatureRunner.run(FeatureRunner.java:70)\n\tat cucumber.api.junit.Cucumber.runChild(Cucumber.java:95)\n\tat cucumber.api.junit.Cucumber.runChild(Cucumber.java:38)\n\tat org.junit.runners.ParentRunner$3.run(ParentRunner.java:290)\n\tat org.junit.runners.ParentRunner$1.schedule(ParentRunner.java:71)\n\tat org.junit.runners.ParentRunner.runChildren(ParentRunner.java:288)\n\tat org.junit.runners.ParentRunner.access$000(ParentRunner.java:58)\n\tat org.junit.runners.ParentRunner$2.evaluate(ParentRunner.java:268)\n\tat org.junit.runners.ParentRunner.run(ParentRunner.java:363)\n\tat cucumber.api.junit.Cucumber.run(Cucumber.java:100)\n\tat org.junit.runner.JUnitCore.run(JUnitCore.java:137)\n\tat com.intellij.junit4.JUnit4IdeaTestRunner.startRunnerWithArgs(JUnit4IdeaTestRunner.java:69)\n\tat com.intellij.rt.junit.IdeaTestRunner$Repeater$1.execute(IdeaTestRunner.java:38)\n\tat com.intellij.rt.execution.junit.TestsRepeater.repeat(TestsRepeater.java:11)\n\tat com.intellij.rt.junit.IdeaTestRunner$Repeater.startRunnerWithArgs(IdeaTestRunner.java:35)\n\tat com.intellij.rt.junit.JUnitStarter.prepareStreamsAndStart(JUnitStarter.java:235)\n\tat com.intellij.rt.junit.JUnitStarter.main(JUnitStarter.java:54)\n"},"stage":"finished","steps":[{"name":"$(\"open\") https://demoqa.com/","status":"passed","stage":"finished","steps":[{"name":"$(\"webdriver\") create()","status":"passed","stage":"finished","steps":[],"attachments":[],"parameters":[],"start":1702553032146,"stop":1702553037045}],"attachments":[],"parameters":[],"start":1702553032138,"stop":1702553045445},{"name":"Given  I open the Main page","status":"passed","stage":"finished","steps":[{"name":"$(\"open\") https://demoqa.com/","status":"passed","stage":"finished","steps":[],"attachments":[],"parameters":[],"start":1702553045751,"stop":1702553046165}],"attachments":[],"parameters":[],"start":1702553045447,"stop":1702553046167},{"name":"Then  I push Bookstore button","status":"passed","stage":"finished","steps":[{"name":"$(\"By.xpath: //div[@class='card mt-4 top-card'][6]\") click()","status":"passed","stage":"finished","steps":[],"attachments":[],"parameters":[],"start":1702553046172,"stop":1702553046385}],"attachments":[],"parameters":[],"start":1702553046168,"stop":1702553046386},{"name":"When  I input \"cucumber1\" to username field","status":"failed","stage":"finished","steps":[{"name":"$(\"By.id: userName\") set value(cucumber1)","status":"failed","statusDetails":{"known":false,"muted":false,"flaky":false,"message":"Element not found {By.id: userName}\nExpected: editable\nScreenshot: file:/Users/anton/IdeaProjects/BookstoreUI-Cucumber/build/reports/tests/1702553050593.0.png\nPage source: file:/Users/anton/IdeaProjects/BookstoreUI-Cucumber/build/reports/tests/1702553050593.0.html\nTimeout: 4 s.\nCaused by: NoSuchElementException: no such element: Unable to locate element: {\"method\":\"css selector\",\"selector\":\"#userName\"}","trace":"Element not found {By.id: userName}\nExpected: editable\nScreenshot: file:/Users/anton/IdeaProjects/BookstoreUI-Cucumber/build/reports/tests/1702553050593.0.png\nPage source: file:/Users/anton/IdeaProjects/BookstoreUI-Cucumber/build/reports/tests/1702553050593.0.html\nTimeout: 4 s.\nCaused by: NoSuchElementException: no such element: Unable to locate element: {\"method\":\"css selector\",\"selector\":\"#userName\"}\n\tat com.codeborne.selenide.impl.WebElementSource.createElementNotFoundError(WebElementSource.java:91)\n\tat com.codeborne.selenide.impl.ElementFinder.createElementNotFoundError(ElementFinder.java:142)\n\tat com.codeborne.selenide.impl.WebElementSource.handleError(WebElementSource.java:143)\n\tat com.codeborne.selenide.impl.WebElementSource.checkConditionAndReturnElement(WebElementSource.java:127)\n\tat com.codeborne.selenide.impl.WebElementSource.findAndAssertElementIsEditable(WebElementSource.java:184)\n\tat com.codeborne.selenide.commands.SetValue.setValueForTextInput(SetValue.java:58)\n\tat com.codeborne.selenide.commands.SetValue.execute(SetValue.java:43)\n\tat com.codeborne.selenide.commands.SetValue.execute(SetValue.java:25)\n\tat com.codeborne.selenide.commands.Commands.execute(Commands.java:163)\n\tat com.codeborne.selenide.impl.SelenideElementProxy.dispatchAndRetry(SelenideElementProxy.java:132)\n\tat com.codeborne.selenide.impl.SelenideElementProxy.invoke(SelenideElementProxy.java:84)\n\tat com.sun.proxy.$Proxy22.setValue(Unknown Source)\n\tat steps.LoginSteps.iInputToUsernameField(LoginSteps.java:25)\n\tat java.base/jdk.internal.reflect.NativeMethodAccessorImpl.invoke0(Native Method)\n\tat java.base/jdk.internal.reflect.NativeMethodAccessorImpl.invoke(NativeMethodAccessorImpl.java:62)\n\tat java.base/jdk.internal.reflect.DelegatingMethodAccessorImpl.invoke(DelegatingMethodAccessorImpl.java:43)\n\tat java.base/java.lang.reflect.Method.invoke(Method.java:566)\n\tat cucumber.runtime.Utils$1.call(Utils.java:40)\n\tat cucumber.runtime.Timeout.timeout(Timeout.java:16)\n\tat cucumber.runtime.Utils.invoke(Utils.java:34)\n\tat cucumber.runtime.java.JavaStepDefinition.execute(JavaStepDefinition.java:38)\n\tat cucumber.runtime.StepDefinitionMatch.runStep(StepDefinitionMatch.java:37)\n\tat cucumber.runtime.Runtime.runStep(Runtime.java:300)\n\tat cucumber.runtime.model.StepContainer.runStep(StepContainer.java:44)\n\tat cucumber.runtime.model.StepContainer.runSteps(StepContainer.java:39)\n\tat cucumber.runtime.model.CucumberScenario.run(CucumberScenario.java:44)\n\tat cucumber.runtime.junit.ExecutionUnitRunner.run(ExecutionUnitRunner.java:102)\n\tat cucumber.runtime.junit.FeatureRunner.runChild(FeatureRunner.java:63)\n\tat cucumber.runtime.junit.FeatureRunner.runChild(FeatureRunner.java:18)\n\tat org.junit.runners.ParentRunner$3.run(ParentRunner.java:290)\n\tat org.junit.runners.ParentRunner$1.schedule(ParentRunner.java:71)\n\tat org.junit.runners.ParentRunner.runChildren(ParentRunner.java:288)\n\tat org.junit.runners.ParentRunner.access$000(ParentRunner.java:58)\n\tat org.junit.runners.ParentRunner$2.evaluate(ParentRunner.java:268)\n\tat org.junit.runners.ParentRunner.run(ParentRunner.java:363)\n\tat cucumber.runtime.junit.FeatureRunner.run(FeatureRunner.java:70)\n\tat cucumber.api.junit.Cucumber.runChild(Cucumber.java:95)\n\tat cucumber.api.junit.Cucumber.runChild(Cucumber.java:38)\n\tat org.junit.runners.ParentRunner$3.run(ParentRunner.java:290)\n\tat org.junit.runners.ParentRunner$1.schedule(ParentRunner.java:71)\n\tat org.junit.runners.ParentRunner.runChildren(ParentRunner.java:288)\n\tat org.junit.runners.ParentRunner.access$000(ParentRunner.java:58)\n\tat org.junit.runners.ParentRunner$2.evaluate(ParentRunner.java:268)\n\tat org.junit.runners.ParentRunner.run(ParentRunner.java:363)\n\tat cucumber.api.junit.Cucumber.run(Cucumber.java:100)\n\tat org.junit.runner.JUnitCore.run(JUnitCore.java:137)\n\tat com.intellij.junit4.JUnit4IdeaTestRunner.startRunnerWithArgs(JUnit4IdeaTestRunner.java:69)\n\tat com.intellij.rt.junit.IdeaTestRunner$Repeater$1.execute(IdeaTestRunner.java:38)\n\tat com.intellij.rt.execution.junit.TestsRepeater.repeat(TestsRepeater.java:11)\n\tat com.intellij.rt.junit.IdeaTestRunner$Repeater.startRunnerWithArgs(IdeaTestRunner.java:35)\n\tat com.intellij.rt.junit.JUnitStarter.prepareStreamsAndStart(JUnitStarter.java:235)\n\tat com.intellij.rt.junit.JUnitStarter.main(JUnitStarter.java:54)\nCaused by: org.openqa.selenium.NoSuchElementException: no such element: Unable to locate element: {\"method\":\"css selector\",\"selector\":\"#userName\"}\n  (Session info: chrome=120.0.6099.71)\nFor documentation on this error, please visit: https://www.selenium.dev/documentation/webdriver/troubleshooting/errors#no-such-element-exception\nBuild info: version: '4.11.0', revision: '040bc5406b'\nSystem info: os.name: 'Mac OS X', os.arch: 'x86_64', os.version: '13.4', java.version: '11.0.20'\nDriver info: org.openqa.selenium.chrome.ChromeDriver\nCommand: [7240b7f2e7348df07d3ea5b41854c859, findElement {using=id, value=userName}]\nCapabilities {acceptInsecureCerts: true, browserName: chrome, browserVersion: 120.0.6099.71, chrome: {chromedriverVersion: 120.0.6099.71 (9729082fe617..., userDataDir: /var/folders/np/cbsnhzd12hb...}, fedcm:accounts: true, goog:chromeOptions: {debuggerAddress: localhost:54714}, networkConnectionEnabled: false, pageLoadStrategy: normal, platformName: mac, proxy: Proxy(), se:cdp: ws://localhost:54714/devtoo..., se:cdpVersion: 120.0.6099.71, setWindowRect: true, strictFileInteractability: false, timeouts: {implicit: 0, pageLoad: 300000, script: 30000}, unhandledPromptBehavior: accept, webauthn:extension:credBlob: true, webauthn:extension:largeBlob: true, webauthn:extension:minPinLength: true, webauthn:extension:prf: true, webauthn:virtualAuthenticators: true}\nSession ID: 7240b7f2e7348df07d3ea5b41854c859\n\tat jdk.internal.reflect.GeneratedConstructorAccessor8.newInstance(Unknown Source)\n\tat java.base/jdk.internal.reflect.DelegatingConstructorAccessorImpl.newInstance(DelegatingConstructorAccessorImpl.java:45)\n\tat java.base/java.lang.reflect.Constructor.newInstance(Constructor.java:490)\n\tat org.openqa.selenium.remote.codec.w3c.W3CHttpResponseCodec.createException(W3CHttpResponseCodec.java:200)\n\tat org.openqa.selenium.remote.codec.w3c.W3CHttpResponseCodec.decode(W3CHttpResponseCodec.java:133)\n\tat org.openqa.selenium.remote.codec.w3c.W3CHttpResponseCodec.decode(W3CHttpResponseCodec.java:52)\n\tat org.openqa.selenium.remote.HttpCommandExecutor.execute(HttpCommandExecutor.java:191)\n\tat org.openqa.selenium.remote.service.DriverCommandExecutor.invokeExecute(DriverCommandExecutor.java:196)\n\tat org.openqa.selenium.remote.service.DriverCommandExecutor.execute(DriverCommandExecutor.java:171)\n\tat org.openqa.selenium.remote.RemoteWebDriver.execute(RemoteWebDriver.java:518)\n\tat org.openqa.selenium.remote.ElementLocation$ElementFinder$2.findElement(ElementLocation.java:165)\n\tat org.openqa.selenium.remote.ElementLocation.findElement(ElementLocation.java:59)\n\tat org.openqa.selenium.remote.RemoteWebDriver.findElement(RemoteWebDriver.java:355)\n\tat org.openqa.selenium.remote.RemoteWebDriver.findElement(RemoteWebDriver.java:349)\n\tat com.codeborne.selenide.impl.WebElementSelector.findElement(WebElementSelector.java:70)\n\tat com.codeborne.selenide.impl.WebElementSelector.findElement(WebElementSelector.java:44)\n\tat com.codeborne.selenide.impl.WebElementSelector.findElement(WebElementSelector.java:33)\n\tat com.codeborne.selenide.impl.ElementFinder.getWebElement(ElementFinder.java:122)\n\tat com.codeborne.selenide.impl.WebElementSource.checkConditionAndReturnElement(WebElementSource.java:116)\n\t... 48 more\n"},"stage":"finished","steps":[],"attachments":[{"name":"Screenshot","source":"d859a905-ab8a-4da7-a9cd-724d23666bda-attachment.png","type":"image/png"},{"name":"Page source","source":"3f08ea15-4dc5-4640-a9aa-2ee15b861f29-attachment.html","type":"text/html"}],"parameters":[],"start":1702553046393,"stop":1702553051686}],"attachments":[],"parameters":[],"start":1702553046387,"stop":1702553051706},{"name":"And  input \"Qwerty!12\" to password field","status":"skipped","stage":"finished","steps":[],"attachments":[],"parameters":[],"start":1702553051706,"stop":1702553051709},{"name":"When  I push the Login button","status":"skipped","stage":"finished","steps":[],"attachments":[],"parameters":[],"start":1702553051709,"stop":1702553051710},{"name":"Then  I am on the Bookstore Page","status":"skipped","stage":"finished","steps":[],"attachments":[],"parameters":[],"start":1702553051710,"stop":1702553051711},{"name":"$(\"webdriver\") close()","status":"passed","stage":"finished","steps":[],"attachments":[],"parameters":[],"start":1702553051711,"stop":1702553052003}],"attachments":[],"parameters":[],"start":1702553032023,"stop":1702553052004,"uuid":"3f076b17-0666-4fa1-a0f1-61194a4b0739","historyId":"18c5ebb006d8b4208e2927a5819d08d2","fullName":"Login: Success login with valid data","labels":[{"name":"feature","value":"Login"},{"name":"story","value":"Success login with valid data"},{"name":"tag","value":"success_login"},{"name":"tag","value":"Login"},{"name":"host","value":"Antons-MacBook-Pro.local"},{"name":"thread","value":"1683@Antons-MacBook-Pro.local.main(1)"},{"name":"package","value":"Login"},{"name":"suite","value":"Login"},{"name":"testClass","value":"Success login with valid data"},{"name":"framework","value":"cucumberjvm"},{"name":"language","value":"java"}],"links":[]}