{"name":"Checking Navigation In Sidebar","status":"failed","statusDetails":{"known":false,"muted":false,"flaky":false,"message":"Invalid element state [By.xpath: //span[@class='text'][text()='Book Store API']]: element click intercepted: Element <span class=\"text\">...</span> is not clickable at point (141, 819). Other element would receive the click: <div id=\"fixedban\" style=\"width:100%;margin:auto;text-align:center;float:none;overflow:hidden;display:scroll;position:fixed;bottom:0;z-index:9999999\">...</div>\nScreenshot: file:/Users/anton/IdeaProjects/BookstoreUI-Cucumber/build/reports/tests/1702563832862.0.png\nPage source: file:/Users/anton/IdeaProjects/BookstoreUI-Cucumber/build/reports/tests/1702563832862.0.html\nTimeout: 4 s.\nCaused by: ElementClickInterceptedException: element click intercepted: Element <span class=\"text\">...</span> is not clickable at point (141, 819). Other element would receive the click: <div id=\"fixedban\" style=\"width:100%;margin:auto;text-align:center;float:none;overflow:hidden;display:scroll;position:fixed;bottom:0;z-index:9999999\">...</div>","trace":"Invalid element state [By.xpath: //span[@class='text'][text()='Book Store API']]: element click intercepted: Element <span class=\"text\">...</span> is not clickable at point (141, 819). Other element would receive the click: <div id=\"fixedban\" style=\"width:100%;margin:auto;text-align:center;float:none;overflow:hidden;display:scroll;position:fixed;bottom:0;z-index:9999999\">...</div>\nScreenshot: file:/Users/anton/IdeaProjects/BookstoreUI-Cucumber/build/reports/tests/1702563832862.0.png\nPage source: file:/Users/anton/IdeaProjects/BookstoreUI-Cucumber/build/reports/tests/1702563832862.0.html\nTimeout: 4 s.\nCaused by: ElementClickInterceptedException: element click intercepted: Element <span class=\"text\">...</span> is not clickable at point (141, 819). Other element would receive the click: <div id=\"fixedban\" style=\"width:100%;margin:auto;text-align:center;float:none;overflow:hidden;display:scroll;position:fixed;bottom:0;z-index:9999999\">...</div>\n\tat com.codeborne.selenide.impl.ExceptionWrapper.wrap(ExceptionWrapper.java:26)\n\tat com.codeborne.selenide.impl.SelenideElementProxy.dispatchAndRetry(SelenideElementProxy.java:154)\n\tat com.codeborne.selenide.impl.SelenideElementProxy.invoke(SelenideElementProxy.java:84)\n\tat com.sun.proxy.$Proxy22.click(Unknown Source)\n\tat steps.SidebarSteps.iPushTheBookstoreAPILinkInSidebar(SidebarSteps.java:25)\n\tat âœ½.When I push the Bookstore API Link In Sidebar(SideBarTest.feature:22)\nCaused by: org.openqa.selenium.ElementClickInterceptedException: element click intercepted: Element <span class=\"text\">...</span> is not clickable at point (141, 819). Other element would receive the click: <div id=\"fixedban\" style=\"width:100%;margin:auto;text-align:center;float:none;overflow:hidden;display:scroll;position:fixed;bottom:0;z-index:9999999\">...</div>\n  (Session info: chrome=120.0.6099.71)\nBuild info: version: '4.11.0', revision: '040bc5406b'\nSystem info: os.name: 'Mac OS X', os.arch: 'x86_64', os.version: '13.4', java.version: '11.0.20'\nDriver info: org.openqa.selenium.chrome.ChromeDriver\nCommand: [0bcbd82c3642d952a147dd73fcf9d66f, clickElement {id=9E3C6FB507E619B8BE6690D5034F7387_element_111}]\nCapabilities {acceptInsecureCerts: true, browserName: chrome, browserVersion: 120.0.6099.71, chrome: {chromedriverVersion: 120.0.6099.71 (9729082fe617..., userDataDir: /var/folders/np/cbsnhzd12hb...}, fedcm:accounts: true, goog:chromeOptions: {debuggerAddress: localhost:63610}, networkConnectionEnabled: false, pageLoadStrategy: normal, platformName: mac, proxy: Proxy(), se:cdp: ws://localhost:63610/devtoo..., se:cdpVersion: 120.0.6099.71, setWindowRect: true, strictFileInteractability: false, timeouts: {implicit: 0, pageLoad: 300000, script: 30000}, unhandledPromptBehavior: accept, webauthn:extension:credBlob: true, webauthn:extension:largeBlob: true, webauthn:extension:minPinLength: true, webauthn:extension:prf: true, webauthn:virtualAuthenticators: true}\nElement: [[ChromeDriver: chrome on mac (0bcbd82c3642d952a147dd73fcf9d66f)] -> xpath: //span[@class='text'][text()='Book Store API']]\nSession ID: 0bcbd82c3642d952a147dd73fcf9d66f\n\tat java.base/jdk.internal.reflect.NativeConstructorAccessorImpl.newInstance0(Native Method)\n\tat java.base/jdk.internal.reflect.NativeConstructorAccessorImpl.newInstance(NativeConstructorAccessorImpl.java:62)\n\tat java.base/jdk.internal.reflect.DelegatingConstructorAccessorImpl.newInstance(DelegatingConstructorAccessorImpl.java:45)\n\tat java.base/java.lang.reflect.Constructor.newInstance(Constructor.java:490)\n\tat org.openqa.selenium.remote.codec.w3c.W3CHttpResponseCodec.createException(W3CHttpResponseCodec.java:200)\n\tat org.openqa.selenium.remote.codec.w3c.W3CHttpResponseCodec.decode(W3CHttpResponseCodec.java:133)\n\tat org.openqa.selenium.remote.codec.w3c.W3CHttpResponseCodec.decode(W3CHttpResponseCodec.java:52)\n\tat org.openqa.selenium.remote.HttpCommandExecutor.execute(HttpCommandExecutor.java:191)\n\tat org.openqa.selenium.remote.service.DriverCommandExecutor.invokeExecute(DriverCommandExecutor.java:196)\n\tat org.openqa.selenium.remote.service.DriverCommandExecutor.execute(DriverCommandExecutor.java:171)\n\tat org.openqa.selenium.remote.RemoteWebDriver.execute(RemoteWebDriver.java:518)\n\tat org.openqa.selenium.remote.RemoteWebElement.execute(RemoteWebElement.java:224)\n\tat org.openqa.selenium.remote.RemoteWebElement.click(RemoteWebElement.java:77)\n\tat com.codeborne.selenide.commands.Click.defaultClick(Click.java:97)\n\tat com.codeborne.selenide.commands.Click.click(Click.java:54)\n\tat com.codeborne.selenide.commands.Click.execute(Click.java:31)\n\tat com.codeborne.selenide.commands.Click.execute(Click.java:21)\n\tat com.codeborne.selenide.commands.Commands.execute(Commands.java:163)\n\tat com.codeborne.selenide.impl.SelenideElementProxy.dispatchAndRetry(SelenideElementProxy.java:132)\n\tat com.codeborne.selenide.impl.SelenideElementProxy.invoke(SelenideElementProxy.java:84)\n\tat com.sun.proxy.$Proxy22.click(Unknown Source)\n\tat steps.SidebarSteps.iPushTheBookstoreAPILinkInSidebar(SidebarSteps.java:25)\n\tat java.base/jdk.internal.reflect.NativeMethodAccessorImpl.invoke0(Native Method)\n\tat java.base/jdk.internal.reflect.NativeMethodAccessorImpl.invoke(NativeMethodAccessorImpl.java:62)\n\tat java.base/jdk.internal.reflect.DelegatingMethodAccessorImpl.invoke(DelegatingMethodAccessorImpl.java:43)\n\tat java.base/java.lang.reflect.Method.invoke(Method.java:566)\n\tat cucumber.runtime.Utils$1.call(Utils.java:40)\n\tat cucumber.runtime.Timeout.timeout(Timeout.java:16)\n\tat cucumber.runtime.Utils.invoke(Utils.java:34)\n\tat cucumber.runtime.java.JavaStepDefinition.execute(JavaStepDefinition.java:38)\n\tat cucumber.runtime.StepDefinitionMatch.runStep(StepDefinitionMatch.java:37)\n\tat cucumber.runtime.Runtime.runStep(Runtime.java:300)\n\tat cucumber.runtime.model.StepContainer.runStep(StepContainer.java:44)\n\tat cucumber.runtime.model.StepContainer.runSteps(StepContainer.java:39)\n\tat cucumber.runtime.model.CucumberScenario.run(CucumberScenario.java:44)\n\tat cucumber.runtime.junit.ExecutionUnitRunner.run(ExecutionUnitRunner.java:102)\n\tat cucumber.runtime.junit.FeatureRunner.runChild(FeatureRunner.java:63)\n\tat cucumber.runtime.junit.FeatureRunner.runChild(FeatureRunner.java:18)\n\tat org.junit.runners.ParentRunner$3.run(ParentRunner.java:290)\n\tat org.junit.runners.ParentRunner$1.schedule(ParentRunner.java:71)\n\tat org.junit.runners.ParentRunner.runChildren(ParentRunner.java:288)\n\tat org.junit.runners.ParentRunner.access$000(ParentRunner.java:58)\n\tat org.junit.runners.ParentRunner$2.evaluate(ParentRunner.java:268)\n\tat org.junit.runners.ParentRunner.run(ParentRunner.java:363)\n\tat cucumber.runtime.junit.FeatureRunner.run(FeatureRunner.java:70)\n\tat cucumber.api.junit.Cucumber.runChild(Cucumber.java:95)\n\tat cucumber.api.junit.Cucumber.runChild(Cucumber.java:38)\n\tat org.junit.runners.ParentRunner$3.run(ParentRunner.java:290)\n\tat org.junit.runners.ParentRunner$1.schedule(ParentRunner.java:71)\n\tat org.junit.runners.ParentRunner.runChildren(ParentRunner.java:288)\n\tat org.junit.runners.ParentRunner.access$000(ParentRunner.java:58)\n\tat org.junit.runners.ParentRunner$2.evaluate(ParentRunner.java:268)\n\tat org.junit.runners.ParentRunner.run(ParentRunner.java:363)\n\tat cucumber.api.junit.Cucumber.run(Cucumber.java:100)\n\tat org.junit.runner.JUnitCore.run(JUnitCore.java:137)\n\tat com.intellij.junit4.JUnit4IdeaTestRunner.startRunnerWithArgs(JUnit4IdeaTestRunner.java:69)\n\tat com.intellij.rt.junit.IdeaTestRunner$Repeater$1.execute(IdeaTestRunner.java:38)\n\tat com.intellij.rt.execution.junit.TestsRepeater.repeat(TestsRepeater.java:11)\n\tat com.intellij.rt.junit.IdeaTestRunner$Repeater.startRunnerWithArgs(IdeaTestRunner.java:35)\n\tat com.intellij.rt.junit.JUnitStarter.prepareStreamsAndStart(JUnitStarter.java:235)\n\tat com.intellij.rt.junit.JUnitStarter.main(JUnitStarter.java:54)\n"},"stage":"finished","steps":[{"name":"$(\"open\") https://demoqa.com/","status":"passed","stage":"finished","steps":[{"name":"$(\"webdriver\") create()","status":"passed","stage":"finished","steps":[],"attachments":[],"parameters":[],"start":1702563817355,"stop":1702563820406}],"attachments":[],"parameters":[],"start":1702563817348,"stop":1702563823939},{"name":"Given  I open the Main page","status":"passed","stage":"finished","steps":[{"name":"$(\"open\") https://demoqa.com/","status":"passed","stage":"finished","steps":[],"attachments":[],"parameters":[],"start":1702563824208,"stop":1702563824594}],"attachments":[],"parameters":[],"start":1702563823941,"stop":1702563824597},{"name":"Then  I push Bookstore button","status":"passed","stage":"finished","steps":[{"name":"$(\"By.xpath: //div[@class='card mt-4 top-card'][6]\") scroll to()","status":"passed","stage":"finished","steps":[],"attachments":[],"parameters":[],"start":1702563824602,"stop":1702563824684},{"name":"$(\"By.xpath: //div[@class='card mt-4 top-card'][6]\") click()","status":"passed","stage":"finished","steps":[],"attachments":[],"parameters":[],"start":1702563824684,"stop":1702563824835}],"attachments":[],"parameters":[],"start":1702563824598,"stop":1702563824835},{"name":"Then  I push Login button from Bookstore Page","status":"passed","stage":"finished","steps":[{"name":"$(\"By.id: login\") scroll to()","status":"passed","stage":"finished","steps":[],"attachments":[],"parameters":[],"start":1702563824836,"stop":1702563825165},{"name":"$(\"By.id: login\") click()","status":"passed","stage":"finished","steps":[],"attachments":[],"parameters":[],"start":1702563825165,"stop":1702563825290}],"attachments":[],"parameters":[],"start":1702563824836,"stop":1702563825291},{"name":"When  I input \"cucumber1\" to username field","status":"passed","stage":"finished","steps":[{"name":"$(\"By.id: userName\") set value(cucumber1)","status":"passed","stage":"finished","steps":[],"attachments":[],"parameters":[],"start":1702563825299,"stop":1702563826000}],"attachments":[],"parameters":[],"start":1702563825292,"stop":1702563826000},{"name":"And  input \"Qwerty!12\" to password field","status":"passed","stage":"finished","steps":[{"name":"$(\"By.id: password\") set value(Qwerty!12)","status":"passed","stage":"finished","steps":[],"attachments":[],"parameters":[],"start":1702563826001,"stop":1702563826326}],"attachments":[],"parameters":[],"start":1702563826001,"stop":1702563826326},{"name":"When  I push the Login button","status":"passed","stage":"finished","steps":[{"name":"$(\"By.xpath: //div[@class='text-right button'][1]\") scroll to()","status":"passed","stage":"finished","steps":[],"attachments":[],"parameters":[],"start":1702563826327,"stop":1702563826396},{"name":"$(\"By.xpath: //div[@class='text-right button'][1]\") click()","status":"passed","stage":"finished","steps":[],"attachments":[],"parameters":[],"start":1702563826396,"stop":1702563826483}],"attachments":[],"parameters":[],"start":1702563826327,"stop":1702563826484},{"name":"Then  I am on the Bookstore Page","status":"passed","stage":"finished","steps":[{"name":"$(\"By.xpath: //div[@class='main-header' and contains(text(), 'Book Store')]\") should have(visible)","status":"passed","stage":"finished","steps":[],"attachments":[],"parameters":[],"start":1702563826486,"stop":1702563827183}],"attachments":[],"parameters":[],"start":1702563826484,"stop":1702563827184},{"name":"When  I push the Login Link in Sidebar","status":"passed","stage":"finished","steps":[{"name":"$(\"By.xpath: //span[@class='text'][text()='Login']\") scroll to()","status":"passed","stage":"finished","steps":[],"attachments":[],"parameters":[],"start":1702563827185,"stop":1702563827218},{"name":"$(\"By.xpath: //span[@class='text'][text()='Login']\") click()","status":"passed","stage":"finished","steps":[],"attachments":[],"parameters":[],"start":1702563827218,"stop":1702563827299}],"attachments":[],"parameters":[],"start":1702563827184,"stop":1702563827299},{"name":"Then  I'm on Login Page","status":"passed","stage":"finished","steps":[{"name":"$(\"By.xpath: //div[@class='main-header' and contains(text(), 'Login')]\") should have(visible)","status":"passed","stage":"finished","steps":[],"attachments":[],"parameters":[],"start":1702563827300,"stop":1702563827377}],"attachments":[],"parameters":[],"start":1702563827299,"stop":1702563827378},{"name":"When  I push the Bookstore Link In Sidebar","status":"passed","stage":"finished","steps":[{"name":"$(\"By.xpath: //span[@class='text'][text()='Book Store']\") scroll to()","status":"passed","stage":"finished","steps":[],"attachments":[],"parameters":[],"start":1702563827380,"stop":1702563827420},{"name":"$(\"By.xpath: //span[@class='text'][text()='Book Store']\") click()","status":"passed","stage":"finished","steps":[],"attachments":[],"parameters":[],"start":1702563827420,"stop":1702563827518}],"attachments":[],"parameters":[],"start":1702563827379,"stop":1702563827519},{"name":"Then  I am on the Bookstore Page","status":"passed","stage":"finished","steps":[{"name":"$(\"By.xpath: //div[@class='main-header' and contains(text(), 'Book Store')]\") should have(visible)","status":"passed","stage":"finished","steps":[],"attachments":[],"parameters":[],"start":1702563827519,"stop":1702563827560}],"attachments":[],"parameters":[],"start":1702563827519,"stop":1702563827560},{"name":"When  I push the Profile Link In Sidebar","status":"passed","stage":"finished","steps":[{"name":"$(\"By.xpath: //span[@class='text'][text()='Profile']\") scroll to()","status":"passed","stage":"finished","steps":[],"attachments":[],"parameters":[],"start":1702563827560,"stop":1702563827622},{"name":"$(\"By.xpath: //span[@class='text'][text()='Profile']\") click()","status":"passed","stage":"finished","steps":[],"attachments":[],"parameters":[],"start":1702563827622,"stop":1702563827707}],"attachments":[],"parameters":[],"start":1702563827560,"stop":1702563827707},{"name":"Then  I'm On Profile Page","status":"passed","stage":"finished","steps":[{"name":"$(\"By.xpath: //div[@class='main-header' and contains(text(), 'Profile')]\") should be(visible)","status":"passed","stage":"finished","steps":[],"attachments":[],"parameters":[],"start":1702563827709,"stop":1702563827751}],"attachments":[],"parameters":[],"start":1702563827707,"stop":1702563827751},{"name":"When  I push the Bookstore API Link In Sidebar","status":"failed","stage":"finished","steps":[{"name":"$(\"By.xpath: //span[@class='text'][text()='Book Store API']\") scroll to()","status":"passed","stage":"finished","steps":[],"attachments":[],"parameters":[],"start":1702563827752,"stop":1702563827791},{"name":"$(\"By.xpath: //span[@class='text'][text()='Book Store API']\") click()","status":"failed","statusDetails":{"known":false,"muted":false,"flaky":false,"message":"Invalid element state [By.xpath: //span[@class='text'][text()='Book Store API']]: element click intercepted: Element <span class=\"text\">...</span> is not clickable at point (141, 819). Other element would receive the click: <div id=\"fixedban\" style=\"width:100%;margin:auto;text-align:center;float:none;overflow:hidden;display:scroll;position:fixed;bottom:0;z-index:9999999\">...</div>\nScreenshot: file:/Users/anton/IdeaProjects/BookstoreUI-Cucumber/build/reports/tests/1702563832862.0.png\nPage source: file:/Users/anton/IdeaProjects/BookstoreUI-Cucumber/build/reports/tests/1702563832862.0.html\nTimeout: 4 s.\nCaused by: ElementClickInterceptedException: element click intercepted: Element <span class=\"text\">...</span> is not clickable at point (141, 819). Other element would receive the click: <div id=\"fixedban\" style=\"width:100%;margin:auto;text-align:center;float:none;overflow:hidden;display:scroll;position:fixed;bottom:0;z-index:9999999\">...</div>","trace":"Invalid element state [By.xpath: //span[@class='text'][text()='Book Store API']]: element click intercepted: Element <span class=\"text\">...</span> is not clickable at point (141, 819). Other element would receive the click: <div id=\"fixedban\" style=\"width:100%;margin:auto;text-align:center;float:none;overflow:hidden;display:scroll;position:fixed;bottom:0;z-index:9999999\">...</div>\nScreenshot: file:/Users/anton/IdeaProjects/BookstoreUI-Cucumber/build/reports/tests/1702563832862.0.png\nPage source: file:/Users/anton/IdeaProjects/BookstoreUI-Cucumber/build/reports/tests/1702563832862.0.html\nTimeout: 4 s.\nCaused by: ElementClickInterceptedException: element click intercepted: Element <span class=\"text\">...</span> is not clickable at point (141, 819). Other element would receive the click: <div id=\"fixedban\" style=\"width:100%;margin:auto;text-align:center;float:none;overflow:hidden;display:scroll;position:fixed;bottom:0;z-index:9999999\">...</div>\n\tat com.codeborne.selenide.impl.ExceptionWrapper.wrap(ExceptionWrapper.java:26)\n\tat com.codeborne.selenide.impl.SelenideElementProxy.dispatchAndRetry(SelenideElementProxy.java:154)\n\tat com.codeborne.selenide.impl.SelenideElementProxy.invoke(SelenideElementProxy.java:84)\n\tat com.sun.proxy.$Proxy22.click(Unknown Source)\n\tat steps.SidebarSteps.iPushTheBookstoreAPILinkInSidebar(SidebarSteps.java:25)\n\tat java.base/jdk.internal.reflect.NativeMethodAccessorImpl.invoke0(Native Method)\n\tat java.base/jdk.internal.reflect.NativeMethodAccessorImpl.invoke(NativeMethodAccessorImpl.java:62)\n\tat java.base/jdk.internal.reflect.DelegatingMethodAccessorImpl.invoke(DelegatingMethodAccessorImpl.java:43)\n\tat java.base/java.lang.reflect.Method.invoke(Method.java:566)\n\tat cucumber.runtime.Utils$1.call(Utils.java:40)\n\tat cucumber.runtime.Timeout.timeout(Timeout.java:16)\n\tat cucumber.runtime.Utils.invoke(Utils.java:34)\n\tat cucumber.runtime.java.JavaStepDefinition.execute(JavaStepDefinition.java:38)\n\tat cucumber.runtime.StepDefinitionMatch.runStep(StepDefinitionMatch.java:37)\n\tat cucumber.runtime.Runtime.runStep(Runtime.java:300)\n\tat cucumber.runtime.model.StepContainer.runStep(StepContainer.java:44)\n\tat cucumber.runtime.model.StepContainer.runSteps(StepContainer.java:39)\n\tat cucumber.runtime.model.CucumberScenario.run(CucumberScenario.java:44)\n\tat cucumber.runtime.junit.ExecutionUnitRunner.run(ExecutionUnitRunner.java:102)\n\tat cucumber.runtime.junit.FeatureRunner.runChild(FeatureRunner.java:63)\n\tat cucumber.runtime.junit.FeatureRunner.runChild(FeatureRunner.java:18)\n\tat org.junit.runners.ParentRunner$3.run(ParentRunner.java:290)\n\tat org.junit.runners.ParentRunner$1.schedule(ParentRunner.java:71)\n\tat org.junit.runners.ParentRunner.runChildren(ParentRunner.java:288)\n\tat org.junit.runners.ParentRunner.access$000(ParentRunner.java:58)\n\tat org.junit.runners.ParentRunner$2.evaluate(ParentRunner.java:268)\n\tat org.junit.runners.ParentRunner.run(ParentRunner.java:363)\n\tat cucumber.runtime.junit.FeatureRunner.run(FeatureRunner.java:70)\n\tat cucumber.api.junit.Cucumber.runChild(Cucumber.java:95)\n\tat cucumber.api.junit.Cucumber.runChild(Cucumber.java:38)\n\tat org.junit.runners.ParentRunner$3.run(ParentRunner.java:290)\n\tat org.junit.runners.ParentRunner$1.schedule(ParentRunner.java:71)\n\tat org.junit.runners.ParentRunner.runChildren(ParentRunner.java:288)\n\tat org.junit.runners.ParentRunner.access$000(ParentRunner.java:58)\n\tat org.junit.runners.ParentRunner$2.evaluate(ParentRunner.java:268)\n\tat org.junit.runners.ParentRunner.run(ParentRunner.java:363)\n\tat cucumber.api.junit.Cucumber.run(Cucumber.java:100)\n\tat org.junit.runner.JUnitCore.run(JUnitCore.java:137)\n\tat com.intellij.junit4.JUnit4IdeaTestRunner.startRunnerWithArgs(JUnit4IdeaTestRunner.java:69)\n\tat com.intellij.rt.junit.IdeaTestRunner$Repeater$1.execute(IdeaTestRunner.java:38)\n\tat com.intellij.rt.execution.junit.TestsRepeater.repeat(TestsRepeater.java:11)\n\tat com.intellij.rt.junit.IdeaTestRunner$Repeater.startRunnerWithArgs(IdeaTestRunner.java:35)\n\tat com.intellij.rt.junit.JUnitStarter.prepareStreamsAndStart(JUnitStarter.java:235)\n\tat com.intellij.rt.junit.JUnitStarter.main(JUnitStarter.java:54)\nCaused by: org.openqa.selenium.ElementClickInterceptedException: element click intercepted: Element <span class=\"text\">...</span> is not clickable at point (141, 819). Other element would receive the click: <div id=\"fixedban\" style=\"width:100%;margin:auto;text-align:center;float:none;overflow:hidden;display:scroll;position:fixed;bottom:0;z-index:9999999\">...</div>\n  (Session info: chrome=120.0.6099.71)\nBuild info: version: '4.11.0', revision: '040bc5406b'\nSystem info: os.name: 'Mac OS X', os.arch: 'x86_64', os.version: '13.4', java.version: '11.0.20'\nDriver info: org.openqa.selenium.chrome.ChromeDriver\nCommand: [0bcbd82c3642d952a147dd73fcf9d66f, clickElement {id=9E3C6FB507E619B8BE6690D5034F7387_element_111}]\nCapabilities {acceptInsecureCerts: true, browserName: chrome, browserVersion: 120.0.6099.71, chrome: {chromedriverVersion: 120.0.6099.71 (9729082fe617..., userDataDir: /var/folders/np/cbsnhzd12hb...}, fedcm:accounts: true, goog:chromeOptions: {debuggerAddress: localhost:63610}, networkConnectionEnabled: false, pageLoadStrategy: normal, platformName: mac, proxy: Proxy(), se:cdp: ws://localhost:63610/devtoo..., se:cdpVersion: 120.0.6099.71, setWindowRect: true, strictFileInteractability: false, timeouts: {implicit: 0, pageLoad: 300000, script: 30000}, unhandledPromptBehavior: accept, webauthn:extension:credBlob: true, webauthn:extension:largeBlob: true, webauthn:extension:minPinLength: true, webauthn:extension:prf: true, webauthn:virtualAuthenticators: true}\nElement: [[ChromeDriver: chrome on mac (0bcbd82c3642d952a147dd73fcf9d66f)] -> xpath: //span[@class='text'][text()='Book Store API']]\nSession ID: 0bcbd82c3642d952a147dd73fcf9d66f\n\tat java.base/jdk.internal.reflect.NativeConstructorAccessorImpl.newInstance0(Native Method)\n\tat java.base/jdk.internal.reflect.NativeConstructorAccessorImpl.newInstance(NativeConstructorAccessorImpl.java:62)\n\tat java.base/jdk.internal.reflect.DelegatingConstructorAccessorImpl.newInstance(DelegatingConstructorAccessorImpl.java:45)\n\tat java.base/java.lang.reflect.Constructor.newInstance(Constructor.java:490)\n\tat org.openqa.selenium.remote.codec.w3c.W3CHttpResponseCodec.createException(W3CHttpResponseCodec.java:200)\n\tat org.openqa.selenium.remote.codec.w3c.W3CHttpResponseCodec.decode(W3CHttpResponseCodec.java:133)\n\tat org.openqa.selenium.remote.codec.w3c.W3CHttpResponseCodec.decode(W3CHttpResponseCodec.java:52)\n\tat org.openqa.selenium.remote.HttpCommandExecutor.execute(HttpCommandExecutor.java:191)\n\tat org.openqa.selenium.remote.service.DriverCommandExecutor.invokeExecute(DriverCommandExecutor.java:196)\n\tat org.openqa.selenium.remote.service.DriverCommandExecutor.execute(DriverCommandExecutor.java:171)\n\tat org.openqa.selenium.remote.RemoteWebDriver.execute(RemoteWebDriver.java:518)\n\tat org.openqa.selenium.remote.RemoteWebElement.execute(RemoteWebElement.java:224)\n\tat org.openqa.selenium.remote.RemoteWebElement.click(RemoteWebElement.java:77)\n\tat com.codeborne.selenide.commands.Click.defaultClick(Click.java:97)\n\tat com.codeborne.selenide.commands.Click.click(Click.java:54)\n\tat com.codeborne.selenide.commands.Click.execute(Click.java:31)\n\tat com.codeborne.selenide.commands.Click.execute(Click.java:21)\n\tat com.codeborne.selenide.commands.Commands.execute(Commands.java:163)\n\tat com.codeborne.selenide.impl.SelenideElementProxy.dispatchAndRetry(SelenideElementProxy.java:132)\n\t... 42 more\n"},"stage":"finished","steps":[],"attachments":[{"name":"Screenshot","source":"80dbb624-5936-400b-a455-f3e96801c269-attachment.png","type":"image/png"},{"name":"Page source","source":"afa83abd-03a0-431f-a1e1-5b7c0a92921e-attachment.html","type":"text/html"}],"parameters":[],"start":1702563827791,"stop":1702563834086}],"attachments":[],"parameters":[],"start":1702563827751,"stop":1702563834128},{"name":"Then  I'm on Bookstore API Swagger Page","status":"skipped","stage":"finished","steps":[],"attachments":[],"parameters":[],"start":1702563834128,"stop":1702563834129},{"name":"$(\"webdriver\") close()","status":"passed","stage":"finished","steps":[],"attachments":[],"parameters":[],"start":1702563834130,"stop":1702563834424}],"attachments":[],"parameters":[],"start":1702563817252,"stop":1702563834425,"uuid":"918c3cf7-66ec-41d9-a916-49b996b9a067","historyId":"1ad1ea6dd697981fbaeb3b6c76a53d18","fullName":"Navigation: Checking Navigation In Sidebar","labels":[{"name":"feature","value":"Navigation"},{"name":"story","value":"Checking Navigation In Sidebar"},{"name":"tag","value":"navigating_in_sidebar"},{"name":"tag","value":"Sidebar"},{"name":"host","value":"Antons-MacBook-Pro.local"},{"name":"thread","value":"4206@Antons-MacBook-Pro.local.main(1)"},{"name":"package","value":"Navigation"},{"name":"suite","value":"Navigation"},{"name":"testClass","value":"Checking Navigation In Sidebar"},{"name":"framework","value":"cucumberjvm"},{"name":"language","value":"java"}],"links":[]}