{"name":"Pushing Cancel button When Deleting A Book","status":"failed","statusDetails":{"known":false,"muted":false,"flaky":false,"message":"Element not found {By.xpath: //div[@class='main-header' and contains(text(), 'Book Store')]}\nExpected: visible\nScreenshot: file:/Users/anton/IdeaProjects/BookstoreUI-Cucumber/build/reports/tests/1702574329175.0.png\nPage source: file:/Users/anton/IdeaProjects/BookstoreUI-Cucumber/build/reports/tests/1702574329175.0.html\nTimeout: 4 s.\nCaused by: NoSuchElementException: no such element: Unable to locate element: {\"method\":\"xpath\",\"selector\":\"//div[@class='main-header' and contains(text(), 'Book Store')]\"}","trace":"Element not found {By.xpath: //div[@class='main-header' and contains(text(), 'Book Store')]}\nExpected: visible\nScreenshot: file:/Users/anton/IdeaProjects/BookstoreUI-Cucumber/build/reports/tests/1702574329175.0.png\nPage source: file:/Users/anton/IdeaProjects/BookstoreUI-Cucumber/build/reports/tests/1702574329175.0.html\nTimeout: 4 s.\nCaused by: NoSuchElementException: no such element: Unable to locate element: {\"method\":\"xpath\",\"selector\":\"//div[@class='main-header' and contains(text(), 'Book Store')]\"}\n\tat com.codeborne.selenide.impl.WebElementSource.createElementNotFoundError(WebElementSource.java:91)\n\tat com.codeborne.selenide.impl.ElementFinder.createElementNotFoundError(ElementFinder.java:142)\n\tat com.codeborne.selenide.impl.WebElementSource.handleError(WebElementSource.java:143)\n\tat com.codeborne.selenide.impl.WebElementSource.checkConditionAndReturnElement(WebElementSource.java:127)\n\tat com.codeborne.selenide.impl.WebElementSource.checkCondition(WebElementSource.java:104)\n\tat com.codeborne.selenide.commands.Should.execute(Should.java:30)\n\tat com.codeborne.selenide.commands.Should.execute(Should.java:14)\n\tat com.codeborne.selenide.commands.Commands.execute(Commands.java:163)\n\tat com.codeborne.selenide.impl.SelenideElementProxy.dispatchAndRetry(SelenideElementProxy.java:132)\n\tat com.codeborne.selenide.impl.SelenideElementProxy.invoke(SelenideElementProxy.java:84)\n\tat com.sun.proxy.$Proxy22.shouldHave(Unknown Source)\n\tat steps.LoginSteps.iAmOnTheBookstorePage(LoginSteps.java:46)\n\tat âœ½.Then I am on the Bookstore Page(BookstoreTest.feature:11)\nCaused by: org.openqa.selenium.NoSuchElementException: no such element: Unable to locate element: {\"method\":\"xpath\",\"selector\":\"//div[@class='main-header' and contains(text(), 'Book Store')]\"}\n  (Session info: chrome=120.0.6099.71)\nFor documentation on this error, please visit: https://www.selenium.dev/documentation/webdriver/troubleshooting/errors#no-such-element-exception\nBuild info: version: '4.11.0', revision: '040bc5406b'\nSystem info: os.name: 'Mac OS X', os.arch: 'x86_64', os.version: '13.4', java.version: '11.0.20'\nDriver info: org.openqa.selenium.chrome.ChromeDriver\nCommand: [ed4e3333c32a814cfcb69ff50be7dd93, findElement {using=xpath, value=//div[@class='main-header' and contains(text(), 'Book Store')]}]\nCapabilities {acceptInsecureCerts: true, browserName: chrome, browserVersion: 120.0.6099.71, chrome: {chromedriverVersion: 120.0.6099.71 (9729082fe617..., userDataDir: /var/folders/np/cbsnhzd12hb...}, fedcm:accounts: true, goog:chromeOptions: {debuggerAddress: localhost:53605}, networkConnectionEnabled: false, pageLoadStrategy: normal, platformName: mac, proxy: Proxy(), se:cdp: ws://localhost:53605/devtoo..., se:cdpVersion: 120.0.6099.71, setWindowRect: true, strictFileInteractability: false, timeouts: {implicit: 0, pageLoad: 300000, script: 30000}, unhandledPromptBehavior: accept, webauthn:extension:credBlob: true, webauthn:extension:largeBlob: true, webauthn:extension:minPinLength: true, webauthn:extension:prf: true, webauthn:virtualAuthenticators: true}\nSession ID: ed4e3333c32a814cfcb69ff50be7dd93\n\tat jdk.internal.reflect.GeneratedConstructorAccessor10.newInstance(Unknown Source)\n\tat java.base/jdk.internal.reflect.DelegatingConstructorAccessorImpl.newInstance(DelegatingConstructorAccessorImpl.java:45)\n\tat java.base/java.lang.reflect.Constructor.newInstance(Constructor.java:490)\n\tat org.openqa.selenium.remote.codec.w3c.W3CHttpResponseCodec.createException(W3CHttpResponseCodec.java:200)\n\tat org.openqa.selenium.remote.codec.w3c.W3CHttpResponseCodec.decode(W3CHttpResponseCodec.java:133)\n\tat org.openqa.selenium.remote.codec.w3c.W3CHttpResponseCodec.decode(W3CHttpResponseCodec.java:52)\n\tat org.openqa.selenium.remote.HttpCommandExecutor.execute(HttpCommandExecutor.java:191)\n\tat org.openqa.selenium.remote.service.DriverCommandExecutor.invokeExecute(DriverCommandExecutor.java:196)\n\tat org.openqa.selenium.remote.service.DriverCommandExecutor.execute(DriverCommandExecutor.java:171)\n\tat org.openqa.selenium.remote.RemoteWebDriver.execute(RemoteWebDriver.java:518)\n\tat org.openqa.selenium.remote.ElementLocation$ElementFinder$2.findElement(ElementLocation.java:165)\n\tat org.openqa.selenium.remote.ElementLocation.findElement(ElementLocation.java:59)\n\tat org.openqa.selenium.remote.RemoteWebDriver.findElement(RemoteWebDriver.java:355)\n\tat org.openqa.selenium.remote.RemoteWebDriver.findElement(RemoteWebDriver.java:349)\n\tat com.codeborne.selenide.impl.WebElementSelector.findElement(WebElementSelector.java:70)\n\tat com.codeborne.selenide.impl.WebElementSelector.findElement(WebElementSelector.java:44)\n\tat com.codeborne.selenide.impl.WebElementSelector.findElement(WebElementSelector.java:33)\n\tat com.codeborne.selenide.impl.ElementFinder.getWebElement(ElementFinder.java:122)\n\tat com.codeborne.selenide.impl.WebElementSource.checkConditionAndReturnElement(WebElementSource.java:116)\n\tat com.codeborne.selenide.impl.WebElementSource.checkCondition(WebElementSource.java:104)\n\tat com.codeborne.selenide.commands.Should.execute(Should.java:30)\n\tat com.codeborne.selenide.commands.Should.execute(Should.java:14)\n\tat com.codeborne.selenide.commands.Commands.execute(Commands.java:163)\n\tat com.codeborne.selenide.impl.SelenideElementProxy.dispatchAndRetry(SelenideElementProxy.java:132)\n\tat com.codeborne.selenide.impl.SelenideElementProxy.invoke(SelenideElementProxy.java:84)\n\tat com.sun.proxy.$Proxy22.shouldHave(Unknown Source)\n\tat steps.LoginSteps.iAmOnTheBookstorePage(LoginSteps.java:46)\n\tat java.base/jdk.internal.reflect.NativeMethodAccessorImpl.invoke0(Native Method)\n\tat java.base/jdk.internal.reflect.NativeMethodAccessorImpl.invoke(NativeMethodAccessorImpl.java:62)\n\tat java.base/jdk.internal.reflect.DelegatingMethodAccessorImpl.invoke(DelegatingMethodAccessorImpl.java:43)\n\tat java.base/java.lang.reflect.Method.invoke(Method.java:566)\n\tat cucumber.runtime.Utils$1.call(Utils.java:40)\n\tat cucumber.runtime.Timeout.timeout(Timeout.java:16)\n\tat cucumber.runtime.Utils.invoke(Utils.java:34)\n\tat cucumber.runtime.java.JavaStepDefinition.execute(JavaStepDefinition.java:38)\n\tat cucumber.runtime.StepDefinitionMatch.runStep(StepDefinitionMatch.java:37)\n\tat cucumber.runtime.Runtime.runStep(Runtime.java:300)\n\tat cucumber.runtime.model.StepContainer.runStep(StepContainer.java:44)\n\tat cucumber.runtime.model.StepContainer.runSteps(StepContainer.java:39)\n\tat cucumber.runtime.model.CucumberScenario.runBackground(CucumberScenario.java:59)\n\tat cucumber.runtime.model.CucumberScenario.run(CucumberScenario.java:42)\n\tat cucumber.runtime.junit.ExecutionUnitRunner.run(ExecutionUnitRunner.java:102)\n\tat cucumber.runtime.junit.FeatureRunner.runChild(FeatureRunner.java:63)\n\tat cucumber.runtime.junit.FeatureRunner.runChild(FeatureRunner.java:18)\n\tat org.junit.runners.ParentRunner$3.run(ParentRunner.java:290)\n\tat org.junit.runners.ParentRunner$1.schedule(ParentRunner.java:71)\n\tat org.junit.runners.ParentRunner.runChildren(ParentRunner.java:288)\n\tat org.junit.runners.ParentRunner.access$000(ParentRunner.java:58)\n\tat org.junit.runners.ParentRunner$2.evaluate(ParentRunner.java:268)\n\tat org.junit.runners.ParentRunner.run(ParentRunner.java:363)\n\tat cucumber.runtime.junit.FeatureRunner.run(FeatureRunner.java:70)\n\tat cucumber.api.junit.Cucumber.runChild(Cucumber.java:95)\n\tat cucumber.api.junit.Cucumber.runChild(Cucumber.java:38)\n\tat org.junit.runners.ParentRunner$3.run(ParentRunner.java:290)\n\tat org.junit.runners.ParentRunner$1.schedule(ParentRunner.java:71)\n\tat org.junit.runners.ParentRunner.runChildren(ParentRunner.java:288)\n\tat org.junit.runners.ParentRunner.access$000(ParentRunner.java:58)\n\tat org.junit.runners.ParentRunner$2.evaluate(ParentRunner.java:268)\n\tat org.junit.runners.ParentRunner.run(ParentRunner.java:363)\n\tat cucumber.api.junit.Cucumber.run(Cucumber.java:100)\n\tat org.junit.runner.JUnitCore.run(JUnitCore.java:137)\n\tat com.intellij.junit4.JUnit4IdeaTestRunner.startRunnerWithArgs(JUnit4IdeaTestRunner.java:69)\n\tat com.intellij.rt.junit.IdeaTestRunner$Repeater$1.execute(IdeaTestRunner.java:38)\n\tat com.intellij.rt.execution.junit.TestsRepeater.repeat(TestsRepeater.java:11)\n\tat com.intellij.rt.junit.IdeaTestRunner$Repeater.startRunnerWithArgs(IdeaTestRunner.java:35)\n\tat com.intellij.rt.junit.JUnitStarter.prepareStreamsAndStart(JUnitStarter.java:235)\n\tat com.intellij.rt.junit.JUnitStarter.main(JUnitStarter.java:54)\n"},"stage":"finished","steps":[{"name":"$(\"open\") https://demoqa.com/","status":"passed","stage":"finished","steps":[{"name":"$(\"webdriver\") create()","status":"passed","stage":"finished","steps":[],"attachments":[],"parameters":[],"start":1702574312926,"stop":1702574318964}],"attachments":[],"parameters":[],"start":1702574312918,"stop":1702574322907},{"name":"Given  I open the Main page","status":"passed","stage":"finished","steps":[{"name":"$(\"open\") https://demoqa.com/","status":"passed","stage":"finished","steps":[],"attachments":[],"parameters":[],"start":1702574323186,"stop":1702574323763}],"attachments":[],"parameters":[],"start":1702574322908,"stop":1702574323766},{"name":"Then  I push Bookstore button","status":"passed","stage":"finished","steps":[{"name":"$(\"By.xpath: //div[@class='card mt-4 top-card'][6]\") scroll to()","status":"passed","stage":"finished","steps":[],"attachments":[],"parameters":[],"start":1702574323772,"stop":1702574323858},{"name":"$(\"By.xpath: //div[@class='card mt-4 top-card'][6]\") click()","status":"passed","stage":"finished","steps":[],"attachments":[],"parameters":[],"start":1702574323858,"stop":1702574324058}],"attachments":[],"parameters":[],"start":1702574323768,"stop":1702574324058},{"name":"Then  I push Login button from Bookstore Page","status":"passed","stage":"finished","steps":[{"name":"$(\"By.id: login\") scroll to()","status":"passed","stage":"finished","steps":[],"attachments":[],"parameters":[],"start":1702574324058,"stop":1702574324310},{"name":"$(\"By.id: login\") click()","status":"passed","stage":"finished","steps":[],"attachments":[],"parameters":[],"start":1702574324311,"stop":1702574324442}],"attachments":[],"parameters":[],"start":1702574324058,"stop":1702574324442},{"name":"When  I input \"cucumber1\" to username field","status":"passed","stage":"finished","steps":[{"name":"$(\"By.id: userName\") set value(cucumber1)","status":"passed","stage":"finished","steps":[],"attachments":[],"parameters":[],"start":1702574324452,"stop":1702574324836}],"attachments":[],"parameters":[],"start":1702574324444,"stop":1702574324837},{"name":"And  input \"Qwerty!12\" to password field","status":"passed","stage":"finished","steps":[{"name":"$(\"By.id: password\") set value(Qwerty!12)","status":"passed","stage":"finished","steps":[],"attachments":[],"parameters":[],"start":1702574324838,"stop":1702574324979}],"attachments":[],"parameters":[],"start":1702574324837,"stop":1702574324979},{"name":"When  I push the Login button","status":"passed","stage":"finished","steps":[{"name":"$(\"By.xpath: //div[@class='text-right button'][1]\") scroll to()","status":"passed","stage":"finished","steps":[],"attachments":[],"parameters":[],"start":1702574324979,"stop":1702574325011},{"name":"$(\"By.xpath: //div[@class='text-right button'][1]\") click()","status":"passed","stage":"finished","steps":[],"attachments":[],"parameters":[],"start":1702574325011,"stop":1702574325107}],"attachments":[],"parameters":[],"start":1702574324979,"stop":1702574325108},{"name":"Then  I am on the Bookstore Page","status":"failed","stage":"finished","steps":[{"name":"$(\"By.xpath: //div[@class='main-header' and contains(text(), 'Book Store')]\") should have(visible)","status":"failed","statusDetails":{"known":false,"muted":false,"flaky":false,"message":"Element not found {By.xpath: //div[@class='main-header' and contains(text(), 'Book Store')]}\nExpected: visible\nScreenshot: file:/Users/anton/IdeaProjects/BookstoreUI-Cucumber/build/reports/tests/1702574329175.0.png\nPage source: file:/Users/anton/IdeaProjects/BookstoreUI-Cucumber/build/reports/tests/1702574329175.0.html\nTimeout: 4 s.\nCaused by: NoSuchElementException: no such element: Unable to locate element: {\"method\":\"xpath\",\"selector\":\"//div[@class='main-header' and contains(text(), 'Book Store')]\"}","trace":"Element not found {By.xpath: //div[@class='main-header' and contains(text(), 'Book Store')]}\nExpected: visible\nScreenshot: file:/Users/anton/IdeaProjects/BookstoreUI-Cucumber/build/reports/tests/1702574329175.0.png\nPage source: file:/Users/anton/IdeaProjects/BookstoreUI-Cucumber/build/reports/tests/1702574329175.0.html\nTimeout: 4 s.\nCaused by: NoSuchElementException: no such element: Unable to locate element: {\"method\":\"xpath\",\"selector\":\"//div[@class='main-header' and contains(text(), 'Book Store')]\"}\n\tat com.codeborne.selenide.impl.WebElementSource.createElementNotFoundError(WebElementSource.java:91)\n\tat com.codeborne.selenide.impl.ElementFinder.createElementNotFoundError(ElementFinder.java:142)\n\tat com.codeborne.selenide.impl.WebElementSource.handleError(WebElementSource.java:143)\n\tat com.codeborne.selenide.impl.WebElementSource.checkConditionAndReturnElement(WebElementSource.java:127)\n\tat com.codeborne.selenide.impl.WebElementSource.checkCondition(WebElementSource.java:104)\n\tat com.codeborne.selenide.commands.Should.execute(Should.java:30)\n\tat com.codeborne.selenide.commands.Should.execute(Should.java:14)\n\tat com.codeborne.selenide.commands.Commands.execute(Commands.java:163)\n\tat com.codeborne.selenide.impl.SelenideElementProxy.dispatchAndRetry(SelenideElementProxy.java:132)\n\tat com.codeborne.selenide.impl.SelenideElementProxy.invoke(SelenideElementProxy.java:84)\n\tat com.sun.proxy.$Proxy22.shouldHave(Unknown Source)\n\tat steps.LoginSteps.iAmOnTheBookstorePage(LoginSteps.java:46)\n\tat java.base/jdk.internal.reflect.NativeMethodAccessorImpl.invoke0(Native Method)\n\tat java.base/jdk.internal.reflect.NativeMethodAccessorImpl.invoke(NativeMethodAccessorImpl.java:62)\n\tat java.base/jdk.internal.reflect.DelegatingMethodAccessorImpl.invoke(DelegatingMethodAccessorImpl.java:43)\n\tat java.base/java.lang.reflect.Method.invoke(Method.java:566)\n\tat cucumber.runtime.Utils$1.call(Utils.java:40)\n\tat cucumber.runtime.Timeout.timeout(Timeout.java:16)\n\tat cucumber.runtime.Utils.invoke(Utils.java:34)\n\tat cucumber.runtime.java.JavaStepDefinition.execute(JavaStepDefinition.java:38)\n\tat cucumber.runtime.StepDefinitionMatch.runStep(StepDefinitionMatch.java:37)\n\tat cucumber.runtime.Runtime.runStep(Runtime.java:300)\n\tat cucumber.runtime.model.StepContainer.runStep(StepContainer.java:44)\n\tat cucumber.runtime.model.StepContainer.runSteps(StepContainer.java:39)\n\tat cucumber.runtime.model.CucumberScenario.runBackground(CucumberScenario.java:59)\n\tat cucumber.runtime.model.CucumberScenario.run(CucumberScenario.java:42)\n\tat cucumber.runtime.junit.ExecutionUnitRunner.run(ExecutionUnitRunner.java:102)\n\tat cucumber.runtime.junit.FeatureRunner.runChild(FeatureRunner.java:63)\n\tat cucumber.runtime.junit.FeatureRunner.runChild(FeatureRunner.java:18)\n\tat org.junit.runners.ParentRunner$3.run(ParentRunner.java:290)\n\tat org.junit.runners.ParentRunner$1.schedule(ParentRunner.java:71)\n\tat org.junit.runners.ParentRunner.runChildren(ParentRunner.java:288)\n\tat org.junit.runners.ParentRunner.access$000(ParentRunner.java:58)\n\tat org.junit.runners.ParentRunner$2.evaluate(ParentRunner.java:268)\n\tat org.junit.runners.ParentRunner.run(ParentRunner.java:363)\n\tat cucumber.runtime.junit.FeatureRunner.run(FeatureRunner.java:70)\n\tat cucumber.api.junit.Cucumber.runChild(Cucumber.java:95)\n\tat cucumber.api.junit.Cucumber.runChild(Cucumber.java:38)\n\tat org.junit.runners.ParentRunner$3.run(ParentRunner.java:290)\n\tat org.junit.runners.ParentRunner$1.schedule(ParentRunner.java:71)\n\tat org.junit.runners.ParentRunner.runChildren(ParentRunner.java:288)\n\tat org.junit.runners.ParentRunner.access$000(ParentRunner.java:58)\n\tat org.junit.runners.ParentRunner$2.evaluate(ParentRunner.java:268)\n\tat org.junit.runners.ParentRunner.run(ParentRunner.java:363)\n\tat cucumber.api.junit.Cucumber.run(Cucumber.java:100)\n\tat org.junit.runner.JUnitCore.run(JUnitCore.java:137)\n\tat com.intellij.junit4.JUnit4IdeaTestRunner.startRunnerWithArgs(JUnit4IdeaTestRunner.java:69)\n\tat com.intellij.rt.junit.IdeaTestRunner$Repeater$1.execute(IdeaTestRunner.java:38)\n\tat com.intellij.rt.execution.junit.TestsRepeater.repeat(TestsRepeater.java:11)\n\tat com.intellij.rt.junit.IdeaTestRunner$Repeater.startRunnerWithArgs(IdeaTestRunner.java:35)\n\tat com.intellij.rt.junit.JUnitStarter.prepareStreamsAndStart(JUnitStarter.java:235)\n\tat com.intellij.rt.junit.JUnitStarter.main(JUnitStarter.java:54)\nCaused by: org.openqa.selenium.NoSuchElementException: no such element: Unable to locate element: {\"method\":\"xpath\",\"selector\":\"//div[@class='main-header' and contains(text(), 'Book Store')]\"}\n  (Session info: chrome=120.0.6099.71)\nFor documentation on this error, please visit: https://www.selenium.dev/documentation/webdriver/troubleshooting/errors#no-such-element-exception\nBuild info: version: '4.11.0', revision: '040bc5406b'\nSystem info: os.name: 'Mac OS X', os.arch: 'x86_64', os.version: '13.4', java.version: '11.0.20'\nDriver info: org.openqa.selenium.chrome.ChromeDriver\nCommand: [ed4e3333c32a814cfcb69ff50be7dd93, findElement {using=xpath, value=//div[@class='main-header' and contains(text(), 'Book Store')]}]\nCapabilities {acceptInsecureCerts: true, browserName: chrome, browserVersion: 120.0.6099.71, chrome: {chromedriverVersion: 120.0.6099.71 (9729082fe617..., userDataDir: /var/folders/np/cbsnhzd12hb...}, fedcm:accounts: true, goog:chromeOptions: {debuggerAddress: localhost:53605}, networkConnectionEnabled: false, pageLoadStrategy: normal, platformName: mac, proxy: Proxy(), se:cdp: ws://localhost:53605/devtoo..., se:cdpVersion: 120.0.6099.71, setWindowRect: true, strictFileInteractability: false, timeouts: {implicit: 0, pageLoad: 300000, script: 30000}, unhandledPromptBehavior: accept, webauthn:extension:credBlob: true, webauthn:extension:largeBlob: true, webauthn:extension:minPinLength: true, webauthn:extension:prf: true, webauthn:virtualAuthenticators: true}\nSession ID: ed4e3333c32a814cfcb69ff50be7dd93\n\tat jdk.internal.reflect.GeneratedConstructorAccessor10.newInstance(Unknown Source)\n\tat java.base/jdk.internal.reflect.DelegatingConstructorAccessorImpl.newInstance(DelegatingConstructorAccessorImpl.java:45)\n\tat java.base/java.lang.reflect.Constructor.newInstance(Constructor.java:490)\n\tat org.openqa.selenium.remote.codec.w3c.W3CHttpResponseCodec.createException(W3CHttpResponseCodec.java:200)\n\tat org.openqa.selenium.remote.codec.w3c.W3CHttpResponseCodec.decode(W3CHttpResponseCodec.java:133)\n\tat org.openqa.selenium.remote.codec.w3c.W3CHttpResponseCodec.decode(W3CHttpResponseCodec.java:52)\n\tat org.openqa.selenium.remote.HttpCommandExecutor.execute(HttpCommandExecutor.java:191)\n\tat org.openqa.selenium.remote.service.DriverCommandExecutor.invokeExecute(DriverCommandExecutor.java:196)\n\tat org.openqa.selenium.remote.service.DriverCommandExecutor.execute(DriverCommandExecutor.java:171)\n\tat org.openqa.selenium.remote.RemoteWebDriver.execute(RemoteWebDriver.java:518)\n\tat org.openqa.selenium.remote.ElementLocation$ElementFinder$2.findElement(ElementLocation.java:165)\n\tat org.openqa.selenium.remote.ElementLocation.findElement(ElementLocation.java:59)\n\tat org.openqa.selenium.remote.RemoteWebDriver.findElement(RemoteWebDriver.java:355)\n\tat org.openqa.selenium.remote.RemoteWebDriver.findElement(RemoteWebDriver.java:349)\n\tat com.codeborne.selenide.impl.WebElementSelector.findElement(WebElementSelector.java:70)\n\tat com.codeborne.selenide.impl.WebElementSelector.findElement(WebElementSelector.java:44)\n\tat com.codeborne.selenide.impl.WebElementSelector.findElement(WebElementSelector.java:33)\n\tat com.codeborne.selenide.impl.ElementFinder.getWebElement(ElementFinder.java:122)\n\tat com.codeborne.selenide.impl.WebElementSource.checkConditionAndReturnElement(WebElementSource.java:116)\n\t... 48 more\n"},"stage":"finished","steps":[],"attachments":[{"name":"Screenshot","source":"4d694592-7d9a-4195-b16c-d9efedc3ec7b-attachment.png","type":"image/png"},{"name":"Page source","source":"3d1d6943-1778-419f-b9d8-fc43c5b96766-attachment.html","type":"text/html"}],"parameters":[],"start":1702574325112,"stop":1702574330643}],"attachments":[],"parameters":[],"start":1702574325108,"stop":1702574330670},{"name":"When  I push the Bookstore Link In Sidebar","status":"skipped","stage":"finished","steps":[],"attachments":[],"parameters":[],"start":1702574330679,"stop":1702574330680},{"name":"Then  I'm on Bookstore Page","status":"skipped","stage":"finished","steps":[],"attachments":[],"parameters":[],"start":1702574330680,"stop":1702574330681},{"name":"Then  I push Git Pocket Guide Link","status":"skipped","stage":"finished","steps":[],"attachments":[],"parameters":[],"start":1702574330681,"stop":1702574330681},{"name":"Then  I on Git Pocket Guide Page","status":"skipped","stage":"finished","steps":[],"attachments":[],"parameters":[],"start":1702574330682,"stop":1702574330682},{"name":"When  I click Add To Your Collection Button, Book added to my Collection","status":"skipped","stage":"finished","steps":[],"attachments":[],"parameters":[],"start":1702574330683,"stop":1702574330684},{"name":"When  I click Back To Book Store Button","status":"skipped","stage":"finished","steps":[],"attachments":[],"parameters":[],"start":1702574330684,"stop":1702574330685},{"name":"Then  I'm on Bookstore Page","status":"skipped","stage":"finished","steps":[],"attachments":[],"parameters":[],"start":1702574330685,"stop":1702574330686},{"name":"Then  I push Programming JavaScript Applications Button Link","status":"skipped","stage":"finished","steps":[],"attachments":[],"parameters":[],"start":1702574330687,"stop":1702574330687},{"name":"Then  I on the Programming JavaScript Applications Page","status":"skipped","stage":"finished","steps":[],"attachments":[],"parameters":[],"start":1702574330696,"stop":1702574330703},{"name":"When  I click Add To Your Collection Button, Book added to my Collection","status":"skipped","stage":"finished","steps":[],"attachments":[],"parameters":[],"start":1702574330703,"stop":1702574330703},{"name":"When  I click Back To Book Store Button","status":"skipped","stage":"finished","steps":[],"attachments":[],"parameters":[],"start":1702574330704,"stop":1702574330704},{"name":"Then  I'm on Bookstore Page","status":"skipped","stage":"finished","steps":[],"attachments":[],"parameters":[],"start":1702574330704,"stop":1702574330704},{"name":"When  I push the Profile Link In Sidebar","status":"skipped","stage":"finished","steps":[],"attachments":[],"parameters":[],"start":1702574330705,"stop":1702574330705},{"name":"Then  I'm On Profile Page","status":"skipped","stage":"finished","steps":[],"attachments":[],"parameters":[],"start":1702574330705,"stop":1702574330705},{"name":"Then  Git Pocket Guide Book Is Displayed in Profile","status":"skipped","stage":"finished","steps":[],"attachments":[],"parameters":[],"start":1702574330706,"stop":1702574330706},{"name":"Then  Programming JavaScript Applications Book Is Displayed in Profile","status":"skipped","stage":"finished","steps":[],"attachments":[],"parameters":[],"start":1702574330706,"stop":1702574330707},{"name":"Then  I'm On Profile Page","status":"skipped","stage":"finished","steps":[],"attachments":[],"parameters":[],"start":1702574330707,"stop":1702574330707},{"name":"Then  I click a Delete Icon to Delete First Book In Profile","status":"skipped","stage":"finished","steps":[],"attachments":[],"parameters":[],"start":1702574330708,"stop":1702574330708},{"name":"Then  I click On Cancel Button","status":"skipped","stage":"finished","steps":[],"attachments":[],"parameters":[],"start":1702574330709,"stop":1702574330709},{"name":"$(\"webdriver\") close()","status":"passed","stage":"finished","steps":[],"attachments":[],"parameters":[],"start":1702574330710,"stop":1702574330960}],"attachments":[],"parameters":[],"start":1702574312835,"stop":1702574330961,"uuid":"f4a25e54-d529-41c6-bfb7-db558a6f3c28","historyId":"fd9d98e3eb29c3cdf9c20b12aaaf9285","fullName":"Bookstore: Pushing Cancel button When Deleting A Book","labels":[{"name":"feature","value":"Bookstore"},{"name":"story","value":"Pushing Cancel button When Deleting A Book"},{"name":"tag","value":"cancelling_deletion_of_book"},{"name":"tag","value":"Bookstore"},{"name":"host","value":"Antons-MacBook-Pro.local"},{"name":"thread","value":"6578@Antons-MacBook-Pro.local.main(1)"},{"name":"package","value":"Bookstore"},{"name":"suite","value":"Bookstore"},{"name":"testClass","value":"Pushing Cancel button When Deleting A Book"},{"name":"framework","value":"cucumberjvm"},{"name":"language","value":"java"}],"links":[]}