{"name":"Adding books items to User's Profile","status":"failed","statusDetails":{"known":false,"muted":false,"flaky":false,"message":"Invalid element state [By.xpath: //div[@class='text-right button'][1]]: element click intercepted: Element <div class=\"text-right button\">...</div> is not clickable at point (830, 573). Other element would receive the click: <div>...</div>\nScreenshot: file:/Users/anton/IdeaProjects/BookstoreUI-Cucumber/build/reports/tests/1702560242772.0.png\nPage source: file:/Users/anton/IdeaProjects/BookstoreUI-Cucumber/build/reports/tests/1702560242772.0.html\nTimeout: 4 s.\nCaused by: ElementClickInterceptedException: element click intercepted: Element <div class=\"text-right button\">...</div> is not clickable at point (830, 573). Other element would receive the click: <div>...</div>","trace":"Invalid element state [By.xpath: //div[@class='text-right button'][1]]: element click intercepted: Element <div class=\"text-right button\">...</div> is not clickable at point (830, 573). Other element would receive the click: <div>...</div>\nScreenshot: file:/Users/anton/IdeaProjects/BookstoreUI-Cucumber/build/reports/tests/1702560242772.0.png\nPage source: file:/Users/anton/IdeaProjects/BookstoreUI-Cucumber/build/reports/tests/1702560242772.0.html\nTimeout: 4 s.\nCaused by: ElementClickInterceptedException: element click intercepted: Element <div class=\"text-right button\">...</div> is not clickable at point (830, 573). Other element would receive the click: <div>...</div>\n\tat com.codeborne.selenide.impl.ExceptionWrapper.wrap(ExceptionWrapper.java:26)\n\tat com.codeborne.selenide.impl.SelenideElementProxy.dispatchAndRetry(SelenideElementProxy.java:154)\n\tat com.codeborne.selenide.impl.SelenideElementProxy.invoke(SelenideElementProxy.java:84)\n\tat com.sun.proxy.$Proxy22.click(Unknown Source)\n\tat steps.LoginSteps.iPushTheLoginButton(LoginSteps.java:36)\n\tat âœ½.When I push the Login button(BookstoreTest.feature:11)\nCaused by: org.openqa.selenium.ElementClickInterceptedException: element click intercepted: Element <div class=\"text-right button\">...</div> is not clickable at point (830, 573). Other element would receive the click: <div>...</div>\n  (Session info: chrome=120.0.6099.71)\nBuild info: version: '4.11.0', revision: '040bc5406b'\nSystem info: os.name: 'Mac OS X', os.arch: 'x86_64', os.version: '13.4', java.version: '11.0.20'\nDriver info: org.openqa.selenium.chrome.ChromeDriver\nCommand: [c530c3c1534323b891c5e307aab25f6f, clickElement {id=253A7792128D271A122DF55AEBAB0A21_element_59}]\nCapabilities {acceptInsecureCerts: true, browserName: chrome, browserVersion: 120.0.6099.71, chrome: {chromedriverVersion: 120.0.6099.71 (9729082fe617..., userDataDir: /var/folders/np/cbsnhzd12hb...}, fedcm:accounts: true, goog:chromeOptions: {debuggerAddress: localhost:50226}, networkConnectionEnabled: false, pageLoadStrategy: normal, platformName: mac, proxy: Proxy(), se:cdp: ws://localhost:50226/devtoo..., se:cdpVersion: 120.0.6099.71, setWindowRect: true, strictFileInteractability: false, timeouts: {implicit: 0, pageLoad: 300000, script: 30000}, unhandledPromptBehavior: accept, webauthn:extension:credBlob: true, webauthn:extension:largeBlob: true, webauthn:extension:minPinLength: true, webauthn:extension:prf: true, webauthn:virtualAuthenticators: true}\nElement: [[ChromeDriver: chrome on mac (c530c3c1534323b891c5e307aab25f6f)] -> xpath: //div[@class='text-right button'][1]]\nSession ID: c530c3c1534323b891c5e307aab25f6f\n\tat java.base/jdk.internal.reflect.NativeConstructorAccessorImpl.newInstance0(Native Method)\n\tat java.base/jdk.internal.reflect.NativeConstructorAccessorImpl.newInstance(NativeConstructorAccessorImpl.java:62)\n\tat java.base/jdk.internal.reflect.DelegatingConstructorAccessorImpl.newInstance(DelegatingConstructorAccessorImpl.java:45)\n\tat java.base/java.lang.reflect.Constructor.newInstance(Constructor.java:490)\n\tat org.openqa.selenium.remote.codec.w3c.W3CHttpResponseCodec.createException(W3CHttpResponseCodec.java:200)\n\tat org.openqa.selenium.remote.codec.w3c.W3CHttpResponseCodec.decode(W3CHttpResponseCodec.java:133)\n\tat org.openqa.selenium.remote.codec.w3c.W3CHttpResponseCodec.decode(W3CHttpResponseCodec.java:52)\n\tat org.openqa.selenium.remote.HttpCommandExecutor.execute(HttpCommandExecutor.java:191)\n\tat org.openqa.selenium.remote.service.DriverCommandExecutor.invokeExecute(DriverCommandExecutor.java:196)\n\tat org.openqa.selenium.remote.service.DriverCommandExecutor.execute(DriverCommandExecutor.java:171)\n\tat org.openqa.selenium.remote.RemoteWebDriver.execute(RemoteWebDriver.java:518)\n\tat org.openqa.selenium.remote.RemoteWebElement.execute(RemoteWebElement.java:224)\n\tat org.openqa.selenium.remote.RemoteWebElement.click(RemoteWebElement.java:77)\n\tat com.codeborne.selenide.commands.Click.defaultClick(Click.java:97)\n\tat com.codeborne.selenide.commands.Click.click(Click.java:54)\n\tat com.codeborne.selenide.commands.Click.execute(Click.java:31)\n\tat com.codeborne.selenide.commands.Click.execute(Click.java:21)\n\tat com.codeborne.selenide.commands.Commands.execute(Commands.java:163)\n\tat com.codeborne.selenide.impl.SelenideElementProxy.dispatchAndRetry(SelenideElementProxy.java:132)\n\tat com.codeborne.selenide.impl.SelenideElementProxy.invoke(SelenideElementProxy.java:84)\n\tat com.sun.proxy.$Proxy22.click(Unknown Source)\n\tat steps.LoginSteps.iPushTheLoginButton(LoginSteps.java:36)\n\tat java.base/jdk.internal.reflect.NativeMethodAccessorImpl.invoke0(Native Method)\n\tat java.base/jdk.internal.reflect.NativeMethodAccessorImpl.invoke(NativeMethodAccessorImpl.java:62)\n\tat java.base/jdk.internal.reflect.DelegatingMethodAccessorImpl.invoke(DelegatingMethodAccessorImpl.java:43)\n\tat java.base/java.lang.reflect.Method.invoke(Method.java:566)\n\tat cucumber.runtime.Utils$1.call(Utils.java:40)\n\tat cucumber.runtime.Timeout.timeout(Timeout.java:16)\n\tat cucumber.runtime.Utils.invoke(Utils.java:34)\n\tat cucumber.runtime.java.JavaStepDefinition.execute(JavaStepDefinition.java:38)\n\tat cucumber.runtime.StepDefinitionMatch.runStep(StepDefinitionMatch.java:37)\n\tat cucumber.runtime.Runtime.runStep(Runtime.java:300)\n\tat cucumber.runtime.model.StepContainer.runStep(StepContainer.java:44)\n\tat cucumber.runtime.model.StepContainer.runSteps(StepContainer.java:39)\n\tat cucumber.runtime.model.CucumberScenario.runBackground(CucumberScenario.java:59)\n\tat cucumber.runtime.model.CucumberScenario.run(CucumberScenario.java:42)\n\tat cucumber.runtime.junit.ExecutionUnitRunner.run(ExecutionUnitRunner.java:102)\n\tat cucumber.runtime.junit.FeatureRunner.runChild(FeatureRunner.java:63)\n\tat cucumber.runtime.junit.FeatureRunner.runChild(FeatureRunner.java:18)\n\tat org.junit.runners.ParentRunner$3.run(ParentRunner.java:290)\n\tat org.junit.runners.ParentRunner$1.schedule(ParentRunner.java:71)\n\tat org.junit.runners.ParentRunner.runChildren(ParentRunner.java:288)\n\tat org.junit.runners.ParentRunner.access$000(ParentRunner.java:58)\n\tat org.junit.runners.ParentRunner$2.evaluate(ParentRunner.java:268)\n\tat org.junit.runners.ParentRunner.run(ParentRunner.java:363)\n\tat cucumber.runtime.junit.FeatureRunner.run(FeatureRunner.java:70)\n\tat cucumber.api.junit.Cucumber.runChild(Cucumber.java:95)\n\tat cucumber.api.junit.Cucumber.runChild(Cucumber.java:38)\n\tat org.junit.runners.ParentRunner$3.run(ParentRunner.java:290)\n\tat org.junit.runners.ParentRunner$1.schedule(ParentRunner.java:71)\n\tat org.junit.runners.ParentRunner.runChildren(ParentRunner.java:288)\n\tat org.junit.runners.ParentRunner.access$000(ParentRunner.java:58)\n\tat org.junit.runners.ParentRunner$2.evaluate(ParentRunner.java:268)\n\tat org.junit.runners.ParentRunner.run(ParentRunner.java:363)\n\tat cucumber.api.junit.Cucumber.run(Cucumber.java:100)\n\tat org.junit.runner.JUnitCore.run(JUnitCore.java:137)\n\tat com.intellij.junit4.JUnit4IdeaTestRunner.startRunnerWithArgs(JUnit4IdeaTestRunner.java:69)\n\tat com.intellij.rt.junit.IdeaTestRunner$Repeater$1.execute(IdeaTestRunner.java:38)\n\tat com.intellij.rt.execution.junit.TestsRepeater.repeat(TestsRepeater.java:11)\n\tat com.intellij.rt.junit.IdeaTestRunner$Repeater.startRunnerWithArgs(IdeaTestRunner.java:35)\n\tat com.intellij.rt.junit.JUnitStarter.prepareStreamsAndStart(JUnitStarter.java:235)\n\tat com.intellij.rt.junit.JUnitStarter.main(JUnitStarter.java:54)\n"},"stage":"finished","steps":[{"name":"$(\"open\") https://demoqa.com/","status":"passed","stage":"finished","steps":[{"name":"$(\"webdriver\") create()","status":"passed","stage":"finished","steps":[],"attachments":[],"parameters":[],"start":1702560229717,"stop":1702560232769}],"attachments":[],"parameters":[],"start":1702560229711,"stop":1702560235658},{"name":"Given  I open the Main page","status":"passed","stage":"finished","steps":[{"name":"$(\"open\") https://demoqa.com/","status":"passed","stage":"finished","steps":[],"attachments":[],"parameters":[],"start":1702560235930,"stop":1702560236383}],"attachments":[],"parameters":[],"start":1702560235659,"stop":1702560236386},{"name":"Then  I push Bookstore button","status":"passed","stage":"finished","steps":[{"name":"$(\"By.xpath: //div[@class='card mt-4 top-card'][6]\") click()","status":"passed","stage":"finished","steps":[],"attachments":[],"parameters":[],"start":1702560236391,"stop":1702560236616}],"attachments":[],"parameters":[],"start":1702560236388,"stop":1702560236617},{"name":"Then  I push Login button from Bookstore Page","status":"passed","stage":"finished","steps":[{"name":"$(\"By.id: login\") click()","status":"passed","stage":"finished","steps":[],"attachments":[],"parameters":[],"start":1702560236617,"stop":1702560237148}],"attachments":[],"parameters":[],"start":1702560236617,"stop":1702560237148},{"name":"When  I input \"cucumber1\" to username field","status":"passed","stage":"finished","steps":[{"name":"$(\"By.id: userName\") set value(cucumber1)","status":"passed","stage":"finished","steps":[],"attachments":[],"parameters":[],"start":1702560237157,"stop":1702560237483}],"attachments":[],"parameters":[],"start":1702560237150,"stop":1702560237484},{"name":"And  input \"Qwerty!12\" to password field","status":"passed","stage":"finished","steps":[{"name":"$(\"By.id: password\") set value(Qwerty!12)","status":"passed","stage":"finished","steps":[],"attachments":[],"parameters":[],"start":1702560237484,"stop":1702560237716}],"attachments":[],"parameters":[],"start":1702560237484,"stop":1702560237717},{"name":"When  I push the Login button","status":"failed","stage":"finished","steps":[{"name":"$(\"By.xpath: //div[@class='text-right button'][1]\") click()","status":"failed","statusDetails":{"known":false,"muted":false,"flaky":false,"message":"Invalid element state [By.xpath: //div[@class='text-right button'][1]]: element click intercepted: Element <div class=\"text-right button\">...</div> is not clickable at point (830, 573). Other element would receive the click: <div>...</div>\nScreenshot: file:/Users/anton/IdeaProjects/BookstoreUI-Cucumber/build/reports/tests/1702560242772.0.png\nPage source: file:/Users/anton/IdeaProjects/BookstoreUI-Cucumber/build/reports/tests/1702560242772.0.html\nTimeout: 4 s.\nCaused by: ElementClickInterceptedException: element click intercepted: Element <div class=\"text-right button\">...</div> is not clickable at point (830, 573). Other element would receive the click: <div>...</div>","trace":"Invalid element state [By.xpath: //div[@class='text-right button'][1]]: element click intercepted: Element <div class=\"text-right button\">...</div> is not clickable at point (830, 573). Other element would receive the click: <div>...</div>\nScreenshot: file:/Users/anton/IdeaProjects/BookstoreUI-Cucumber/build/reports/tests/1702560242772.0.png\nPage source: file:/Users/anton/IdeaProjects/BookstoreUI-Cucumber/build/reports/tests/1702560242772.0.html\nTimeout: 4 s.\nCaused by: ElementClickInterceptedException: element click intercepted: Element <div class=\"text-right button\">...</div> is not clickable at point (830, 573). Other element would receive the click: <div>...</div>\n\tat com.codeborne.selenide.impl.ExceptionWrapper.wrap(ExceptionWrapper.java:26)\n\tat com.codeborne.selenide.impl.SelenideElementProxy.dispatchAndRetry(SelenideElementProxy.java:154)\n\tat com.codeborne.selenide.impl.SelenideElementProxy.invoke(SelenideElementProxy.java:84)\n\tat com.sun.proxy.$Proxy22.click(Unknown Source)\n\tat steps.LoginSteps.iPushTheLoginButton(LoginSteps.java:36)\n\tat java.base/jdk.internal.reflect.NativeMethodAccessorImpl.invoke0(Native Method)\n\tat java.base/jdk.internal.reflect.NativeMethodAccessorImpl.invoke(NativeMethodAccessorImpl.java:62)\n\tat java.base/jdk.internal.reflect.DelegatingMethodAccessorImpl.invoke(DelegatingMethodAccessorImpl.java:43)\n\tat java.base/java.lang.reflect.Method.invoke(Method.java:566)\n\tat cucumber.runtime.Utils$1.call(Utils.java:40)\n\tat cucumber.runtime.Timeout.timeout(Timeout.java:16)\n\tat cucumber.runtime.Utils.invoke(Utils.java:34)\n\tat cucumber.runtime.java.JavaStepDefinition.execute(JavaStepDefinition.java:38)\n\tat cucumber.runtime.StepDefinitionMatch.runStep(StepDefinitionMatch.java:37)\n\tat cucumber.runtime.Runtime.runStep(Runtime.java:300)\n\tat cucumber.runtime.model.StepContainer.runStep(StepContainer.java:44)\n\tat cucumber.runtime.model.StepContainer.runSteps(StepContainer.java:39)\n\tat cucumber.runtime.model.CucumberScenario.runBackground(CucumberScenario.java:59)\n\tat cucumber.runtime.model.CucumberScenario.run(CucumberScenario.java:42)\n\tat cucumber.runtime.junit.ExecutionUnitRunner.run(ExecutionUnitRunner.java:102)\n\tat cucumber.runtime.junit.FeatureRunner.runChild(FeatureRunner.java:63)\n\tat cucumber.runtime.junit.FeatureRunner.runChild(FeatureRunner.java:18)\n\tat org.junit.runners.ParentRunner$3.run(ParentRunner.java:290)\n\tat org.junit.runners.ParentRunner$1.schedule(ParentRunner.java:71)\n\tat org.junit.runners.ParentRunner.runChildren(ParentRunner.java:288)\n\tat org.junit.runners.ParentRunner.access$000(ParentRunner.java:58)\n\tat org.junit.runners.ParentRunner$2.evaluate(ParentRunner.java:268)\n\tat org.junit.runners.ParentRunner.run(ParentRunner.java:363)\n\tat cucumber.runtime.junit.FeatureRunner.run(FeatureRunner.java:70)\n\tat cucumber.api.junit.Cucumber.runChild(Cucumber.java:95)\n\tat cucumber.api.junit.Cucumber.runChild(Cucumber.java:38)\n\tat org.junit.runners.ParentRunner$3.run(ParentRunner.java:290)\n\tat org.junit.runners.ParentRunner$1.schedule(ParentRunner.java:71)\n\tat org.junit.runners.ParentRunner.runChildren(ParentRunner.java:288)\n\tat org.junit.runners.ParentRunner.access$000(ParentRunner.java:58)\n\tat org.junit.runners.ParentRunner$2.evaluate(ParentRunner.java:268)\n\tat org.junit.runners.ParentRunner.run(ParentRunner.java:363)\n\tat cucumber.api.junit.Cucumber.run(Cucumber.java:100)\n\tat org.junit.runner.JUnitCore.run(JUnitCore.java:137)\n\tat com.intellij.junit4.JUnit4IdeaTestRunner.startRunnerWithArgs(JUnit4IdeaTestRunner.java:69)\n\tat com.intellij.rt.junit.IdeaTestRunner$Repeater$1.execute(IdeaTestRunner.java:38)\n\tat com.intellij.rt.execution.junit.TestsRepeater.repeat(TestsRepeater.java:11)\n\tat com.intellij.rt.junit.IdeaTestRunner$Repeater.startRunnerWithArgs(IdeaTestRunner.java:35)\n\tat com.intellij.rt.junit.JUnitStarter.prepareStreamsAndStart(JUnitStarter.java:235)\n\tat com.intellij.rt.junit.JUnitStarter.main(JUnitStarter.java:54)\nCaused by: org.openqa.selenium.ElementClickInterceptedException: element click intercepted: Element <div class=\"text-right button\">...</div> is not clickable at point (830, 573). Other element would receive the click: <div>...</div>\n  (Session info: chrome=120.0.6099.71)\nBuild info: version: '4.11.0', revision: '040bc5406b'\nSystem info: os.name: 'Mac OS X', os.arch: 'x86_64', os.version: '13.4', java.version: '11.0.20'\nDriver info: org.openqa.selenium.chrome.ChromeDriver\nCommand: [c530c3c1534323b891c5e307aab25f6f, clickElement {id=253A7792128D271A122DF55AEBAB0A21_element_59}]\nCapabilities {acceptInsecureCerts: true, browserName: chrome, browserVersion: 120.0.6099.71, chrome: {chromedriverVersion: 120.0.6099.71 (9729082fe617..., userDataDir: /var/folders/np/cbsnhzd12hb...}, fedcm:accounts: true, goog:chromeOptions: {debuggerAddress: localhost:50226}, networkConnectionEnabled: false, pageLoadStrategy: normal, platformName: mac, proxy: Proxy(), se:cdp: ws://localhost:50226/devtoo..., se:cdpVersion: 120.0.6099.71, setWindowRect: true, strictFileInteractability: false, timeouts: {implicit: 0, pageLoad: 300000, script: 30000}, unhandledPromptBehavior: accept, webauthn:extension:credBlob: true, webauthn:extension:largeBlob: true, webauthn:extension:minPinLength: true, webauthn:extension:prf: true, webauthn:virtualAuthenticators: true}\nElement: [[ChromeDriver: chrome on mac (c530c3c1534323b891c5e307aab25f6f)] -> xpath: //div[@class='text-right button'][1]]\nSession ID: c530c3c1534323b891c5e307aab25f6f\n\tat java.base/jdk.internal.reflect.NativeConstructorAccessorImpl.newInstance0(Native Method)\n\tat java.base/jdk.internal.reflect.NativeConstructorAccessorImpl.newInstance(NativeConstructorAccessorImpl.java:62)\n\tat java.base/jdk.internal.reflect.DelegatingConstructorAccessorImpl.newInstance(DelegatingConstructorAccessorImpl.java:45)\n\tat java.base/java.lang.reflect.Constructor.newInstance(Constructor.java:490)\n\tat org.openqa.selenium.remote.codec.w3c.W3CHttpResponseCodec.createException(W3CHttpResponseCodec.java:200)\n\tat org.openqa.selenium.remote.codec.w3c.W3CHttpResponseCodec.decode(W3CHttpResponseCodec.java:133)\n\tat org.openqa.selenium.remote.codec.w3c.W3CHttpResponseCodec.decode(W3CHttpResponseCodec.java:52)\n\tat org.openqa.selenium.remote.HttpCommandExecutor.execute(HttpCommandExecutor.java:191)\n\tat org.openqa.selenium.remote.service.DriverCommandExecutor.invokeExecute(DriverCommandExecutor.java:196)\n\tat org.openqa.selenium.remote.service.DriverCommandExecutor.execute(DriverCommandExecutor.java:171)\n\tat org.openqa.selenium.remote.RemoteWebDriver.execute(RemoteWebDriver.java:518)\n\tat org.openqa.selenium.remote.RemoteWebElement.execute(RemoteWebElement.java:224)\n\tat org.openqa.selenium.remote.RemoteWebElement.click(RemoteWebElement.java:77)\n\tat com.codeborne.selenide.commands.Click.defaultClick(Click.java:97)\n\tat com.codeborne.selenide.commands.Click.click(Click.java:54)\n\tat com.codeborne.selenide.commands.Click.execute(Click.java:31)\n\tat com.codeborne.selenide.commands.Click.execute(Click.java:21)\n\tat com.codeborne.selenide.commands.Commands.execute(Commands.java:163)\n\tat com.codeborne.selenide.impl.SelenideElementProxy.dispatchAndRetry(SelenideElementProxy.java:132)\n\t... 43 more\n"},"stage":"finished","steps":[],"attachments":[{"name":"Screenshot","source":"b6bf35a0-cdfd-43e8-a606-262521928265-attachment.png","type":"image/png"},{"name":"Page source","source":"9de388f8-0ca7-4b6e-ab8b-6722136371fe-attachment.html","type":"text/html"}],"parameters":[],"start":1702560237717,"stop":1702560243882}],"attachments":[],"parameters":[],"start":1702560237717,"stop":1702560243912},{"name":"Then  I am on the Bookstore Page","status":"skipped","stage":"finished","steps":[],"attachments":[],"parameters":[],"start":1702560243912,"stop":1702560243914},{"name":"When  I push the Bookstore Link In Sidebar","status":"skipped","stage":"finished","steps":[],"attachments":[],"parameters":[],"start":1702560243920,"stop":1702560243920},{"name":"Then  I'm on Bookstore Page","status":"skipped","stage":"finished","steps":[],"attachments":[],"parameters":[],"start":1702560243920,"stop":1702560243921},{"name":"Then  I push \"Git Pocket Guide\" Link","status":"skipped","stage":"finished","steps":[],"attachments":[],"parameters":[],"start":1702560243921,"stop":1702560243921},{"name":"Then  I on \"Git Pocket Guide\" Page","status":"skipped","stage":"finished","steps":[],"attachments":[],"parameters":[],"start":1702560243921,"stop":1702560243922},{"name":"When  I click \"Add To Your Collection\" Button, Book added to my Collection","status":"skipped","stage":"finished","steps":[],"attachments":[],"parameters":[],"start":1702560243922,"stop":1702560243922},{"name":"When  I click \"Back To Book Store\" Button","status":"skipped","stage":"finished","steps":[],"attachments":[],"parameters":[],"start":1702560243922,"stop":1702560243923},{"name":"Then  I'm on Bookstore Page","status":"skipped","stage":"finished","steps":[],"attachments":[],"parameters":[],"start":1702560243923,"stop":1702560243923},{"name":"Then  I push \"Programming JavaScript Applications\" Button Link","status":"skipped","stage":"finished","steps":[],"attachments":[],"parameters":[],"start":1702560243924,"stop":1702560243924},{"name":"Then  I on the \"Programming JavaScript Applications\" Page","status":"skipped","stage":"finished","steps":[],"attachments":[],"parameters":[],"start":1702560243934,"stop":1702560243944},{"name":"When  I click \"Add To Your Collection\" Button, Book added to my Collection","status":"skipped","stage":"finished","steps":[],"attachments":[],"parameters":[],"start":1702560243945,"stop":1702560243946},{"name":"When  I click \"Back To Book Store\" Button","status":"skipped","stage":"finished","steps":[],"attachments":[],"parameters":[],"start":1702560243946,"stop":1702560243947},{"name":"Then  I'm on Bookstore Page","status":"skipped","stage":"finished","steps":[],"attachments":[],"parameters":[],"start":1702560243947,"stop":1702560243947},{"name":"When  I push the Profile Link In Sidebar","status":"skipped","stage":"finished","steps":[],"attachments":[],"parameters":[],"start":1702560243948,"stop":1702560243948},{"name":"Then  I'm On Profile Page","status":"skipped","stage":"finished","steps":[],"attachments":[],"parameters":[],"start":1702560243948,"stop":1702560243948},{"name":"$(\"webdriver\") close()","status":"passed","stage":"finished","steps":[],"attachments":[],"parameters":[],"start":1702560243949,"stop":1702560244177}],"attachments":[],"parameters":[],"start":1702560229626,"stop":1702560244178,"uuid":"fde1e758-e2b9-48e6-97a8-f55563ff1da9","historyId":"35598333c0679599bbc44f65030722d0","fullName":"Bookstore: Adding books items to User's Profile","labels":[{"name":"feature","value":"Bookstore"},{"name":"story","value":"Adding books items to User's Profile"},{"name":"tag","value":"adding_books_to_profile"},{"name":"tag","value":"bookstore"},{"name":"host","value":"Antons-MacBook-Pro.local"},{"name":"thread","value":"3525@Antons-MacBook-Pro.local.main(1)"},{"name":"package","value":"Bookstore"},{"name":"suite","value":"Bookstore"},{"name":"testClass","value":"Adding books items to User's Profile"},{"name":"framework","value":"cucumberjvm"},{"name":"language","value":"java"}],"links":[]}